ccxt-service listening on 4001
[ccxt-service] GET /api/gate/candles
Gate.io: Requested 'since' (2025-12-17T19:33:20.000Z) is too far back (max 10000 points). Omitting 'since' parameter to fetch recent candles.
[ccxt-service] GET /api/gate/candles
Gate.io: Requested 'since' (2025-12-17T19:33:20.000Z) is too far back (max 10000 points). Omitting 'since' parameter to fetch recent candles.
[ccxt-service] GET /api/gate/orderbook
[ccxt-service] GET /api/gate/trades
[ccxt-service] GET /api/gate/asset-info
[ccxt-service] GET /api/gate/markets
[ccxt-service] GET /api/gate/orderbook
[ccxt-service] GET /api/gate/trades
[ccxt-service] GET /api/gate/orderbook
[ccxt-service] GET /api/gate/trades
[ccxt-service] GET /api/gate/orderbook
[ccxt-service] GET /api/gate/orderbook
[ccxt-service] GET /api/gate/trades
[ccxt-service] GET /api/gate/asset-info
[ccxt-service] GET /api/gate/orderbook
[ccxt-service] GET /api/gate/orderbook
[ccxt-service] GET /api/gate/trades
[ccxt-service] GET /api/gate/orderbook
[ccxt-service] GET /api/gate/trades
[ccxt-service] GET /api/gate/asset-info
[ccxt-service] GET /api/gate/orderbook
[ccxt-service] GET /api/gate/trades
[ccxt-service] GET /api/gate/orderbook
[ccxt-service] GET /api/gate/trades
[ccxt-service] GET /api/gate/orderbook
[ccxt-service] GET /api/gate/asset-info
[ccxt-service] GET /api/gate/orderbook
[ccxt-service] GET /api/gate/orderbook
[ccxt-service] GET /api/gate/trades
[ccxt-service] GET /api/gate/trades
[ccxt-service] GET /api/gate/orderbook
[ccxt-service] GET /api/gate/asset-info
[ccxt-service] GET /api/gate/orderbook
[ccxt-service] GET /api/gate/trades
[ccxt-service] GET /api/gate/orderbook
[ccxt-service] GET /api/gate/trades
[ccxt-service] GET /api/gate/orderbook
[ccxt-service] GET /api/gate/asset-info
[ccxt-service] GET /api/gate/orderbook
[ccxt-service] GET /api/gate/trades
[ccxt-service] GET /api/gate/orderbook
[ccxt-service] GET /api/gate/trades
[ccxt-service] GET /api/gate/orderbook
[ccxt-service] GET /api/gate/trades
[ccxt-service] GET /api/gate/orderbook
[ccxt-service] GET /api/gate/orderbook
[ccxt-service] GET /api/gate/trades
[ccxt-service] GET /api/gate/asset-info
[ccxt-service] GET /api/gate/orderbook
[ccxt-service] GET /api/gate/trades
[ccxt-service] GET /api/gate/orderbook
[ccxt-service] GET /api/gate/orderbook
[ccxt-service] GET /api/gate/trades
[ccxt-service] GET /api/gate/orderbook
[ccxt-service] GET /api/gate/trades
[ccxt-service] GET /api/gate/orderbook
[ccxt-service] GET /api/gate/asset-info
[ccxt-service] GET /api/gate/orderbook
[ccxt-service] GET /api/gate/trades
[ccxt-service] GET /api/gate/orderbook
[ccxt-service] GET /api/gate/orderbook
[ccxt-service] GET /api/gate/trades
[ccxt-service] GET /api/gate/orderbook
[ccxt-service] GET /api/gate/trades
[ccxt-service] GET /api/gate/orderbook
[ccxt-service] GET /api/gate/asset-info
[ccxt-service] GET /api/gate/trades
[ccxt-service] GET /api/gate/orderbook
[ccxt-service] GET /api/gate/trades
[ccxt-service] GET /api/gate/orderbook
[ccxt-service] GET /api/gate/asset-info
[ccxt-service] GET /api/gate/orderbook
[ccxt-service] GET /api/gate/trades
[ccxt-service] GET /api/gate/asset-info
[ccxt-service] GET /api/gate/trades
[ccxt-service] GET /api/gate/orderbook
[ccxt-service] GET /api/gate/orderbook
[ccxt-service] GET /api/coinbase/asset-info
[ccxt-service] GET /api/coinbase/markets
[ccxt-service] GET /api/coinbase/markets
[ccxt-service] GET /api/coinbase/trades
[ccxt-service] GET /api/coinbase/orderbook
[ccxt-service] GET /api/coinbase/asset-info
[ccxt-service] GET /api/coinbase/orderbook
[ccxt-service] GET /api/coinbase/trades
[ccxt-service] GET /api/coinbase/orderbook
[ccxt-service] GET /api/coinbase/candles
[ccxt-service] GET /api/coinbase/asset-info
[ccxt-service] GET /api/coinbase/asset-info
[ccxt-service] GET /api/coinbase/candles
[ccxt-service] GET /api/gate/asset-info
[ccxt-service] GET /api/gate/trades
[ccxt-service] GET /api/gate/orderbook
[ccxt-service] GET /api/gate/markets
[ccxt-service] GET /api/coinbase/asset-info
[ccxt-service] GET /api/gate/asset-info
[ccxt-service] GET /api/gate/trades
[ccxt-service] GET /api/gate/orderbook
[ccxt-service] GET /api/gate/candles
Gate.io: Requested 'since' (2025-12-21T11:30:08.000Z) is too far back (max 10000 points). Omitting 'since' parameter to fetch recent candles.
[ccxt-service] GET /api/gate/candles
[ccxt-service] GET /api/gate/candles
Gate.io: Requested 'since' (2025-12-18T02:30:08.000Z) is too far back (max 10000 points). Omitting 'since' parameter to fetch recent candles.
[ccxt-service] GET /api/gate/orderbook
[ccxt-service] GET /api/gate/trades
[ccxt-service] GET /api/gate/asset-info
[ccxt-service] GET /api/gate/asset-info
[ccxt-service] GET /api/gate/orderbook
[ccxt-service] GET /api/gate/orderbook
[ccxt-service] GET /api/gate/trades
[ccxt-service] GET /api/gate/candles
[ccxt-service] GET /api/gate/orderbook
[ccxt-service] GET /api/gate/trades
[ccxt-service] GET /api/gate/asset-info
[ccxt-service] GET /api/gate/orderbook
[ccxt-service] GET /api/coinbase/asset-info
[ccxt-service] GET /api/coinbase/markets
[ccxt-service] GET /api/coinbase/markets
[ccxt-service] GET /api/coinbase/asset-info
[ccxt-service] GET /api/coinbase/trades
[ccxt-service] GET /api/coinbase/orderbook
[ccxt-service] GET /api/coinbase/trades
[ccxt-service] GET /api/coinbase/orderbook
[ccxt-service] GET /api/coinbase/asset-info
[ccxt-service] GET /api/coinbase/orderbook
[ccxt-service] GET /api/coinbase/trades
[ccxt-service] GET /api/coinbase/orderbook
[ccxt-service] GET /api/coinbase/asset-info
[ccxt-service] GET /api/coinbase/candles
[ccxt-service] GET /api/coinbase/asset-info
[ccxt-service] GET /api/coinbase/orderbook
[ccxt-service] GET /api/coinbase/candles
[ccxt-service] GET /api/coinbase/candles
[ccxt-service] GET /api/coinbase/candles
[ccxt-service] GET /api/coinbase/trades
[ccxt-service] GET /api/coinbase/candles
[ccxt-service] GET /api/coinbase/candles
[ccxt-service] GET /api/coinbase/candles
[ccxt-service] GET /api/coinbase/candles
[ccxt-service] GET /api/coinbase/orderbook
[ccxt-service] GET /api/coinbase/candles
[ccxt-service] GET /api/coinbase/candles
[ccxt-service] GET /api/coinbase/candles
[ccxt-service] GET /api/coinbase/candles
[ccxt-service] GET /api/coinbase/candles
[ccxt-service] GET /api/coinbase/candles
[ccxt-service] GET /api/coinbase/candles
[ccxt-service] GET /api/coinbase/candles
[ccxt-service] GET /api/coinbase/orderbook
[ccxt-service] GET /api/coinbase/trades
[ccxt-service] GET /api/coinbase/candles
[ccxt-service] GET /api/coinbase/candles
[ccxt-service] GET /api/coinbase/candles
[ccxt-service] GET /api/coinbase/candles
[ccxt-service] GET /api/coinbase/candles
[ccxt-service] GET /api/coinbase/orderbook
[ccxt-service] GET /api/gate/asset-info
[ccxt-service] GET /api/gate/markets
[ccxt-service] GET /api/gate/orderbook
[ccxt-service] GET /api/gate/trades
[ccxt-service] GET /api/gate/asset-info
[ccxt-service] GET /api/gate/orderbook
[ccxt-service] GET /api/gate/trades
[ccxt-service] GET /api/gate/orderbook
[ccxt-service] GET /api/gate/candles
Gate.io: Requested 'since' (2025-12-21T11:30:30.000Z) is too far back (max 10000 points). Omitting 'since' parameter to fetch recent candles.
[ccxt-service] GET /api/gate/candles
[ccxt-service] GET /api/gate/candles
Gate.io: Requested 'since' (2025-12-17T23:30:30.000Z) is too far back (max 10000 points). Omitting 'since' parameter to fetch recent candles.
[ccxt-service] GET /api/gate/orderbook
[ccxt-service] GET /api/gate/trades
[ccxt-service] GET /api/gate/asset-info
[ccxt-service] GET /api/gate/asset-info
[ccxt-service] GET /api/gate/orderbook
[ccxt-service] GET /api/gate/candles
[ccxt-service] GET /api/gate/orderbook
[ccxt-service] GET /api/gate/trades
[ccxt-service] GET /api/gate/orderbook
[ccxt-service] GET /api/gate/trades
[ccxt-service] GET /api/gate/asset-info
[ccxt-service] GET /api/gate/orderbook
[ccxt-service] GET /api/gate/candles
[ccxt-service] GET /api/gate/orderbook
[ccxt-service] GET /api/gate/trades
[ccxt-service] GET /api/gate/asset-info
[ccxt-service] GET /api/gate/orderbook
[ccxt-service] GET /api/gate/orderbook
[ccxt-service] GET /api/gate/trades
[ccxt-service] GET /api/gate/candles
Gate.io: Requested 'since' (2025-12-21T11:30:44.000Z) is too far back (max 10000 points). Omitting 'since' parameter to fetch recent candles.
[ccxt-service] GET /api/gate/candles
[ccxt-service] GET /api/gate/candles
Gate.io: Requested 'since' (2025-12-17T23:30:44.000Z) is too far back (max 10000 points). Omitting 'since' parameter to fetch recent candles.
[ccxt-service] GET /api/gate/orderbook
[ccxt-service] GET /api/gate/trades
[ccxt-service] GET /api/gate/asset-info
[ccxt-service] GET /api/gate/orderbook
[ccxt-service] GET /api/gate/candles
[ccxt-service] GET /api/gate/orderbook
[ccxt-service] GET /api/gate/trades
[ccxt-service] GET /api/gate/orderbook
[ccxt-service] GET /api/gate/trades
[ccxt-service] GET /api/gate/asset-info
[ccxt-service] GET /api/gate/orderbook
[ccxt-service] GET /api/gate/candles
[ccxt-service] GET /api/gate/trades
[ccxt-service] GET /api/gate/orderbook
[ccxt-service] GET /api/gate/orderbook
[ccxt-service] GET /api/gate/trades
[ccxt-service] GET /api/gate/candles
[ccxt-service] GET /api/gate/orderbook
[ccxt-service] GET /api/gate/trades
[ccxt-service] GET /api/gate/orderbook
[ccxt-service] GET /api/gate/asset-info
[ccxt-service] GET /api/gate/orderbook
[ccxt-service] GET /api/gate/candles
[ccxt-service] GET /api/gate/trades
[ccxt-service] GET /api/gate/orderbook
[ccxt-service] GET /api/gate/trades
[ccxt-service] GET /api/gate/orderbook
[ccxt-service] GET /api/gate/candles
[ccxt-service] GET /api/gate/orderbook
[ccxt-service] GET /api/gate/trades
[ccxt-service] GET /api/gate/orderbook
[ccxt-service] GET /api/gate/asset-info
[ccxt-service] GET /api/gate/trades
[ccxt-service] GET /api/gate/orderbook
[ccxt-service] GET /api/gate/candles
[ccxt-service] GET /api/gate/orderbook
[ccxt-service] GET /api/gate/trades
[ccxt-service] GET /api/gate/orderbook
[ccxt-service] GET /api/gate/candles
[ccxt-service] GET /api/gate/trades
[ccxt-service] GET /api/gate/orderbook
[ccxt-service] GET /api/gate/orderbook
[ccxt-service] GET /api/gate/asset-info
[ccxt-service] GET /api/gate/orderbook
[ccxt-service] GET /api/gate/orderbook
[ccxt-service] GET /api/gate/trades
[ccxt-service] GET /api/gate/candles
Gate.io: Requested 'since' (2025-12-21T11:31:23.000Z) is too far back (max 10000 points). Omitting 'since' parameter to fetch recent candles.
[ccxt-service] GET /api/gate/candles
[ccxt-service] GET /api/gate/candles
Gate.io: Requested 'since' (2025-12-17T22:31:23.000Z) is too far back (max 10000 points). Omitting 'since' parameter to fetch recent candles.
[ccxt-service] GET /api/gate/orderbook
[ccxt-service] GET /api/gate/asset-info
[ccxt-service] GET /api/gate/trades
[ccxt-service] GET /api/gate/orderbook
[ccxt-service] GET /api/gate/candles
[ccxt-service] GET /api/gate/orderbook
[ccxt-service] GET /api/gate/trades
[ccxt-service] GET /api/gate/orderbook
[ccxt-service] GET /api/gate/trades
[ccxt-service] GET /api/gate/asset-info
[ccxt-service] GET /api/gate/orderbook
[ccxt-service] GET /api/gate/candles
[ccxt-service] GET /api/gate/asset-info
[ccxt-service] GET /api/gate/orderbook
[ccxt-service] GET /api/gate/trades
[ccxt-service] GET /api/gate/orderbook
[ccxt-service] GET /api/gate/candles
Gate.io: Requested 'since' (2025-12-22T16:31:34.000Z) is too far back (max 10000 points). Omitting 'since' parameter to fetch recent candles.
[ccxt-service] GET /api/gate/candles
[ccxt-service] GET /api/gate/candles
Gate.io: Requested 'since' (2025-12-19T07:31:34.000Z) is too far back (max 10000 points). Omitting 'since' parameter to fetch recent candles.
[ccxt-service] GET /api/gate/orderbook
[ccxt-service] GET /api/gate/asset-info
[ccxt-service] GET /api/gate/trades
[ccxt-service] GET /api/gate/orderbook
[ccxt-service] GET /api/gate/candles
[ccxt-service] GET /api/gate/trades
[ccxt-service] GET /api/gate/orderbook
[ccxt-service] GET /api/gate/orderbook
[ccxt-service] GET /api/gate/trades
[ccxt-service] GET /api/gate/asset-info
[ccxt-service] GET /api/gate/orderbook
[ccxt-service] GET /api/gate/candles
[ccxt-service] GET /api/gate/trades
[ccxt-service] GET /api/gate/orderbook
[ccxt-service] GET /api/gate/orderbook
[ccxt-service] GET /api/gate/asset-info
[ccxt-service] GET /api/gate/orderbook
[ccxt-service] GET /api/gate/orderbook
[ccxt-service] GET /api/gate/trades
[ccxt-service] GET /api/gate/candles
Gate.io: Requested 'since' (2025-12-21T11:31:49.000Z) is too far back (max 10000 points). Omitting 'since' parameter to fetch recent candles.
[ccxt-service] GET /api/gate/candles
[ccxt-service] GET /api/gate/candles
Gate.io: Requested 'since' (2025-12-17T22:31:49.000Z) is too far back (max 10000 points). Omitting 'since' parameter to fetch recent candles.
[ccxt-service] GET /api/gate/orderbook
[ccxt-service] GET /api/gate/asset-info
[ccxt-service] GET /api/gate/trades
[ccxt-service] GET /api/gate/orderbook
[ccxt-service] GET /api/gate/candles
[ccxt-service] GET /api/gate/orderbook
[ccxt-service] GET /api/gate/trades
[ccxt-service] GET /api/gate/orderbook
[ccxt-service] GET /api/gate/trades
[ccxt-service] GET /api/gate/asset-info
[ccxt-service] GET /api/gate/orderbook
[ccxt-service] GET /api/gate/candles
[ccxt-service] GET /api/gate/orderbook
[ccxt-service] GET /api/gate/trades
[ccxt-service] GET /api/gate/asset-info
[ccxt-service] GET /api/gate/orderbook
[ccxt-service] GET /api/gate/trades
[ccxt-service] GET /api/gate/orderbook
[ccxt-service] GET /api/gate/candles
Gate.io: Requested 'since' (2025-12-21T11:32:04.000Z) is too far back (max 10000 points). Omitting 'since' parameter to fetch recent candles.
[ccxt-service] GET /api/gate/candles
[ccxt-service] GET /api/gate/candles
Gate.io: Requested 'since' (2025-12-17T23:32:04.000Z) is too far back (max 10000 points). Omitting 'since' parameter to fetch recent candles.
[ccxt-service] GET /api/gate/asset-info
[ccxt-service] GET /api/gate/orderbook
[ccxt-service] GET /api/gate/trades
[ccxt-service] GET /api/gate/orderbook
[ccxt-service] GET /api/gate/candles
Gate.io: Requested 'since' (2025-12-21T11:32:04.000Z) is too far back (max 10000 points). Omitting 'since' parameter to fetch recent candles.
[ccxt-service] GET /api/gate/candles
[ccxt-service] GET /api/gate/candles
Gate.io: Requested 'since' (2025-12-17T21:32:04.000Z) is too far back (max 10000 points). Omitting 'since' parameter to fetch recent candles.
[ccxt-service] GET /api/gate/orderbook
[ccxt-service] GET /api/gate/asset-info
[ccxt-service] GET /api/gate/trades
[ccxt-service] GET /api/gate/asset-info
[ccxt-service] GET /api/gate/orderbook
[ccxt-service] GET /api/gate/candles
[ccxt-service] GET /api/gate/orderbook
[ccxt-service] GET /api/gate/trades
[ccxt-service] GET /api/gate/orderbook
[ccxt-service] GET /api/gate/trades
[ccxt-service] GET /api/gate/asset-info
[ccxt-service] GET /api/gate/orderbook
[ccxt-service] GET /api/gate/candles
[ccxt-service] GET /api/gate/orderbook
[ccxt-service] GET /api/gate/trades
[ccxt-service] GET /api/gate/orderbook
[ccxt-service] GET /api/bitfinex/asset-info
[ccxt-service] GET /api/bitfinex/trades
[ccxt-service] GET /api/bitfinex/orderbook
[ccxt-service] GET /api/bitfinex/markets
[ccxt-service] GET /api/bitfinex/asset-info
[ccxt-service] GET /api/bitfinex/orderbook
[ccxt-service] GET /api/bitfinex/trades
[ccxt-service] GET /api/bitfinex/orderbook
[ccxt-service] GET /api/bitfinex/candles
[ccxt-service] GET /api/bitfinex/asset-info
[ccxt-service] GET /api/bitfinex/asset-info
[ccxt-service] GET /api/bitfinex/trades
[ccxt-service] GET /api/bitfinex/orderbook
[ccxt-service] GET /api/bitfinex/candles
[ccxt-service] GET /api/bitfinex/asset-info
[ccxt-service] GET /api/bitfinex/trades
[ccxt-service] GET /api/bitfinex/orderbook
[ccxt-service] GET /api/bitfinex/candles
[ccxt-service] GET /api/bitfinex/trades
[ccxt-service] GET /api/bitfinex/orderbook
[ccxt-service] GET /api/bitfinex/candles
[ccxt-service] GET /api/bitfinex/trades
[ccxt-service] GET /api/bitfinex/asset-info
[ccxt-service] GET /api/bitfinex/orderbook
[ccxt-service] GET /api/bitfinex/trades
[ccxt-service] GET /api/bitfinex/candles
[ccxt-service] GET /api/bitfinex/orderbook
[ccxt-service] GET /api/bitfinex/trades
[ccxt-service] GET /api/bitfinex/trades
[ccxt-service] GET /api/bitfinex/orderbook
[ccxt-service] GET /api/bitfinex/trades
[ccxt-service] GET /api/bitfinex/candles
[ccxt-service] GET /api/bitfinex/orderbook
[ccxt-service] GET /api/bitfinex/trades
[ccxt-service] GET /api/bitfinex/orderbook
[ccxt-service] GET /api/bitfinex/asset-info
[ccxt-service] GET /api/bitfinex/trades
[ccxt-service] GET /api/bitfinex/orderbook
[ccxt-service] GET /api/bitfinex/candles
[ccxt-service] GET /api/bitfinex/trades
[ccxt-service] GET /api/bitfinex/orderbook
[ccxt-service] GET /api/bitfinex/orderbook
[ccxt-service] GET /api/bitfinex/trades
[ccxt-service] GET /api/bitfinex/orderbook
[ccxt-service] GET /api/bitfinex/orderbook
[ccxt-service] GET /api/bitfinex/orderbook
[ccxt-service] GET /api/bitfinex/orderbook
[ccxt-service] GET /api/bitfinex/orderbook
[ccxt-service] GET /api/bitfinex/candles
[ccxt-service] GET /api/bitfinex/orderbook
[ccxt-service] GET /api/bitfinex/trades
[ccxt-service] GET /api/bitfinex/orderbook
[ccxt-service] GET /api/bitfinex/asset-info
[ccxt-service] GET /api/bitfinex/orderbook
[ccxt-service] GET /api/bitfinex/trades
[ccxt-service] GET /api/bitfinex/candles
[ccxt-service] GET /api/bitfinex/orderbook
[ccxt-service] GET /api/bitfinex/orderbook
[ccxt-service] GET /api/bitfinex/trades
[ccxt-service] GET /api/bitfinex/orderbook
[ccxt-service] GET /api/bitfinex/orderbook
[ccxt-service] GET /api/bitfinex/orderbook
[ccxt-service] GET /api/bitfinex/trades
[ccxt-service] GET /api/bitfinex/candles
[ccxt-service] GET /api/bitfinex/orderbook
[ccxt-service] GET /api/bitfinex/asset-info
[ccxt-service] GET /api/bitfinex/trades
[ccxt-service] GET /api/bitfinex/orderbook
[ccxt-service] GET /api/bitfinex/candles
[ccxt-service] GET /api/bitfinex/trades
[ccxt-service] GET /api/bitfinex/orderbook
[ccxt-service] GET /api/bitfinex/orderbook
[ccxt-service] GET /api/bitfinex/trades
[ccxt-service] GET /api/bitfinex/orderbook
[ccxt-service] GET /api/bitfinex/candles
[ccxt-service] GET /api/bitfinex/asset-info
[ccxt-service] GET /api/bitfinex/trades
[ccxt-service] GET /api/bitfinex/orderbook
[ccxt-service] GET /api/bitfinex/candles
[ccxt-service] GET /api/bitfinex/trades
[ccxt-service] GET /api/bitfinex/orderbook
[ccxt-service] GET /api/bitfinex/orderbook
[ccxt-service] GET /api/bitfinex/trades
[ccxt-service] GET /api/bitfinex/orderbook
[ccxt-service] GET /api/bitfinex/orderbook
[ccxt-service] GET /api/bitfinex/candles
[ccxt-service] GET /api/bitfinex/trades
[ccxt-service] GET /api/bitfinex/orderbook
[ccxt-service] GET /api/bitfinex/asset-info
[ccxt-service] GET /api/bitfinex/candles
[ccxt-service] GET /api/bitfinex/trades
[ccxt-service] GET /api/bitfinex/orderbook
[ccxt-service] GET /api/bitfinex/candles
[ccxt-service] GET /api/bitfinex/trades
[ccxt-service] GET /api/bitfinex/orderbook
[ccxt-service] GET /api/bitfinex/orderbook
[ccxt-service] GET /api/bitfinex/orderbook
[ccxt-service] GET /api/bitfinex/trades
[ccxt-service] GET /api/bitfinex/candles
[ccxt-service] GET /api/bitfinex/candles
[ccxt-service] GET /api/bitfinex/asset-info
[ccxt-service] GET /api/bitfinex/orderbook
[ccxt-service] GET /api/bitfinex/trades
[ccxt-service] GET /api/bitfinex/candles
[ccxt-service] GET /api/bitfinex/orderbook
[ccxt-service] GET /api/bitfinex/trades
[ccxt-service] GET /api/bitfinex/orderbook
[ccxt-service] GET /api/bitfinex/orderbook
[ccxt-service] GET /api/bitfinex/trades
[ccxt-service] GET /api/bitfinex/orderbook
[ccxt-service] GET /api/bitfinex/candles
[ccxt-service] GET /api/bitfinex/candles
[ccxt-service] GET /api/bitfinex/candles
[ccxt-service] GET /api/bitfinex/candles
[ccxt-service] GET /api/bitfinex/candles
[ccxt-service] GET /api/bitfinex/candles
[ccxt-service] GET /api/bitfinex/candles
[ccxt-service] GET /api/bitfinex/candles
[ccxt-service] GET /api/bitfinex/candles
[ccxt-service] GET /api/bitfinex/asset-info
[ccxt-service] GET /api/bitfinex/trades
[ccxt-service] GET /api/bitfinex/orderbook
[ccxt-service] GET /api/bitfinex/orderbook
[ccxt-service] GET /api/bitfinex/trades
[ccxt-service] GET /api/bitfinex/asset-info
[ccxt-service] GET /api/bitfinex/candles
[ccxt-service] GET /api/bitfinex/orderbook
[ccxt-service] GET /api/bitfinex/trades
[ccxt-service] GET /api/bitfinex/candles
[ccxt-service] GET /api/bitfinex/orderbook
[ccxt-service] GET /api/bitfinex/asset-info
[ccxt-service] GET /api/bitfinex/trades
[ccxt-service] GET /api/bitfinex/orderbook
[ccxt-service] GET /api/bitfinex/candles
[ccxt-service] GET /api/bitfinex/trades
[ccxt-service] GET /api/bitfinex/orderbook
[ccxt-service] GET /api/bitfinex/trades
[ccxt-service] GET /api/bitfinex/orderbook
[ccxt-service] GET /api/bitfinex/orderbook
[ccxt-service] GET /api/bitfinex/trades
[ccxt-service] GET /api/bitfinex/orderbook
[ccxt-service] GET /api/bitfinex/candles
[ccxt-service] GET /api/bitfinex/asset-info
[ccxt-service] GET /api/bitfinex/orderbook
[ccxt-service] GET /api/bitfinex/trades
[ccxt-service] GET /api/bitfinex/candles
[ccxt-service] GET /api/bitfinex/trades
[ccxt-service] GET /api/bitfinex/orderbook
[ccxt-service] GET /api/bitfinex/orderbook
[ccxt-service] GET /api/bitfinex/orderbook
[ccxt-service] GET /api/bitfinex/trades
[ccxt-service] GET /api/bitfinex/orderbook
[ccxt-service] GET /api/bitfinex/candles
[ccxt-service] GET /api/bitfinex/trades
[ccxt-service] GET /api/bitfinex/orderbook
[ccxt-service] GET /api/bitfinex/asset-info
[ccxt-service] GET /api/bitfinex/orderbook
[ccxt-service] GET /api/bitfinex/trades
[ccxt-service] GET /api/bitfinex/candles
[ccxt-service] GET /api/bitfinex/orderbook
[ccxt-service] GET /api/bitfinex/trades
[ccxt-service] GET /api/bitfinex/orderbook
[ccxt-service] GET /api/bitfinex/orderbook
[ccxt-service] GET /api/bitfinex/candles
[ccxt-service] GET /api/bitfinex/trades
[ccxt-service] GET /api/bitfinex/orderbook
[ccxt-service] GET /api/bitfinex/asset-info
[ccxt-service] GET /api/bitfinex/orderbook
[ccxt-service] GET /api/bitfinex/trades
[ccxt-service] GET /api/bitfinex/candles
[ccxt-service] GET /api/bitfinex/orderbook
[ccxt-service] GET /api/bitfinex/trades
[ccxt-service] GET /api/bitfinex/orderbook
[ccxt-service] GET /api/bitfinex/orderbook
[ccxt-service] GET /api/bitfinex/trades
[ccxt-service] GET /api/bitfinex/candles
[ccxt-service] GET /api/bitfinex/orderbook
[ccxt-service] GET /api/bitfinex/asset-info
[ccxt-service] GET /api/bitfinex/trades
[ccxt-service] GET /api/bitfinex/orderbook
[ccxt-service] GET /api/bitfinex/trades
[ccxt-service] GET /api/bitfinex/candles
[ccxt-service] GET /api/bitfinex/orderbook
[ccxt-service] GET /api/bitfinex/orderbook
[ccxt-service] GET /api/bitfinex/trades
[ccxt-service] GET /api/bitfinex/orderbook
[ccxt-service] GET /api/bitfinex/candles
[ccxt-service] GET /api/bitfinex/asset-info
[ccxt-service] GET /api/bitfinex/trades
[ccxt-service] GET /api/bitfinex/orderbook
[ccxt-service] GET /api/bitfinex/trades
[ccxt-service] GET /api/bitfinex/candles
[ccxt-service] GET /api/bitfinex/orderbook
[ccxt-service] GET /api/bitfinex/orderbook
[ccxt-service] GET /api/bitfinex/trades
[ccxt-service] GET /api/bitfinex/orderbook
[ccxt-service] GET /api/bitfinex/orderbook
[ccxt-service] GET /api/bitfinex/trades
[ccxt-service] GET /api/bitfinex/candles
[ccxt-service] GET /api/bitfinex/orderbook
[ccxt-service] GET /api/bitfinex/asset-info
[ccxt-service] GET /api/bitfinex/trades
[ccxt-service] GET /api/bitfinex/orderbook
[ccxt-service] GET /api/bitfinex/candles
[ccxt-service] GET /api/bitfinex/orderbook
[ccxt-service] GET /api/bitfinex/trades
[ccxt-service] GET /api/bitfinex/orderbook
[ccxt-service] GET /api/bitfinex/orderbook
[ccxt-service] GET /api/bitfinex/trades
[ccxt-service] GET /api/bitfinex/candles
[ccxt-service] GET /api/bitfinex/orderbook
[ccxt-service] GET /api/bitfinex/asset-info
[ccxt-service] GET /api/bitfinex/trades
[ccxt-service] GET /api/bitfinex/orderbook
[ccxt-service] GET /api/bitfinex/trades
[ccxt-service] GET /api/bitfinex/asset-info
[ccxt-service] GET /api/bitfinex/orderbook
[ccxt-service] GET /api/bitfinex/candles
[ccxt-service] GET /api/coinbase/asset-info
[ccxt-service] GET /api/coinbase/markets
[ccxt-service] GET /api/coinbase/asset-info
[ccxt-service] GET /api/coinbase/trades
[ccxt-service] GET /api/coinbase/orderbook
[ccxt-service] GET /api/coinbase/asset-info
[ccxt-service] GET /api/coinbase/asset-info
[ccxt-service] GET /api/coinbase/orderbook
[ccxt-service] GET /api/coinbase/trades
[ccxt-service] GET /api/coinbase/orderbook
[ccxt-service] GET /api/coinbase/candles
[ccxt-service] GET /api/bitfinex/asset-info
[ccxt-service] GET /api/bitfinex/trades
[ccxt-service] GET /api/bitfinex/orderbook
[ccxt-service] GET /api/bitfinex/markets
[ccxt-service] GET /api/bitfinex/asset-info
[ccxt-service] GET /api/bitfinex/orderbook
[ccxt-service] GET /api/bitfinex/orderbook
[ccxt-service] GET /api/bitfinex/trades
[ccxt-service] GET /api/coinbase/asset-info
[ccxt-service] GET /api/bitfinex/candles
[ccxt-service] GET /api/bitfinex/asset-info
[ccxt-service] GET /api/bitfinex/asset-info
[ccxt-service] GET /api/bitfinex/orderbook
[ccxt-service] GET /api/bitfinex/trades
[ccxt-service] GET /api/bitfinex/candles
[ccxt-service] GET /api/coinbase/asset-info
[ccxt-service] GET /api/coinbase/trades
[ccxt-service] GET /api/coinbase/orderbook
[ccxt-service] GET /api/coinbase/markets
[ccxt-service] GET /api/coinbase/asset-info
[ccxt-service] GET /api/coinbase/orderbook
[ccxt-service] GET /api/coinbase/trades
[ccxt-service] GET /api/coinbase/orderbook
[ccxt-service] GET /api/coinbase/orderbook
[ccxt-service] GET /api/coinbase/candles
[ccxt-service] GET /api/coinbase/asset-info
[ccxt-service] GET /api/coinbase/candles
[ccxt-service] GET /api/coinbase/asset-info
[ccxt-service] GET /api/coinbase/orderbook
[ccxt-service] GET /api/coinbase/candles
[ccxt-service] GET /api/coinbase/candles
[ccxt-service] GET /api/bitfinex/asset-info
[ccxt-service] GET /api/coinbase/candles
[ccxt-service] GET /api/coinbase/trades
[ccxt-service] GET /api/coinbase/candles
[ccxt-service] GET /api/coinbase/candles
[ccxt-service] GET /api/coinbase/candles
[ccxt-service] GET /api/coinbase/candles
[ccxt-service] GET /api/coinbase/candles
[ccxt-service] GET /api/coinbase/orderbook
[ccxt-service] GET /api/coinbase/candles
[ccxt-service] GET /api/coinbase/candles
[ccxt-service] GET /api/coinbase/candles
[ccxt-service] GET /api/coinbase/candles
[ccxt-service] GET /api/coinbase/candles
[ccxt-service] GET /api/coinbase/candles
[ccxt-service] GET /api/coinbase/candles
[ccxt-service] GET /api/coinbase/trades
[ccxt-service] GET /api/coinbase/orderbook
[ccxt-service] GET /api/coinbase/candles
[ccxt-service] GET /api/coinbase/candles
[ccxt-service] GET /api/coinbase/candles
[ccxt-service] GET /api/coinbase/candles
[ccxt-service] GET /api/coinbase/orderbook
[ccxt-service] GET /api/coinbase/trades
[ccxt-service] GET /api/coinbase/asset-info
[ccxt-service] GET /api/coinbase/orderbook
[ccxt-service] GET /api/coinbase/trades
[ccxt-service] GET /api/coinbase/orderbook
[ccxt-service] GET /api/coinbase/candles
[ccxt-service] GET /api/coinbase/orderbook
[ccxt-service] GET /api/coinbase/trades
[ccxt-service] GET /api/coinbase/orderbook
[ccxt-service] GET /api/coinbase/candles
[ccxt-service] GET /api/coinbase/orderbook
[ccxt-service] GET /api/coinbase/trades
[ccxt-service] GET /api/coinbase/asset-info
[ccxt-service] GET /api/coinbase/orderbook
[ccxt-service] GET /api/coinbase/trades
[ccxt-service] GET /api/coinbase/orderbook
[ccxt-service] GET /api/coinbase/candles
[ccxt-service] GET /api/coinbase/candles
[ccxt-service] GET /api/coinbase/candles
[ccxt-service] GET /api/coinbase/candles
[ccxt-service] GET /api/coinbase/candles
[ccxt-service] GET /api/coinbase/candles
[ccxt-service] GET /api/coinbase/candles
[ccxt-service] GET /api/coinbase/candles
[ccxt-service] GET /api/coinbase/trades
[ccxt-service] GET /api/coinbase/candles
[ccxt-service] GET /api/coinbase/orderbook
[ccxt-service] GET /api/coinbase/candles
[ccxt-service] GET /api/coinbase/candles
[ccxt-service] GET /api/coinbase/candles
[ccxt-service] GET /api/coinbase/candles
[ccxt-service] GET /api/coinbase/candles
[ccxt-service] GET /api/coinbase/orderbook
[ccxt-service] GET /api/coinbase/trades
[ccxt-service] GET /api/coinbase/candles
[ccxt-service] GET /api/coinbase/orderbook
[ccxt-service] GET /api/coinbase/trades
[ccxt-service] GET /api/coinbase/asset-info
[ccxt-service] GET /api/coinbase/orderbook
[ccxt-service] GET /api/coinbase/candles
[ccxt-service] GET /api/coinbase/orderbook
[ccxt-service] GET /api/coinbase/trades
[ccxt-service] GET /api/coinbase/orderbook
[ccxt-service] GET /api/coinbase/orderbook
[ccxt-service] GET /api/coinbase/trades
[ccxt-service] GET /api/coinbase/candles
[ccxt-service] GET /api/coinbase/orderbook
[ccxt-service] GET /api/coinbase/trades
[ccxt-service] GET /api/coinbase/orderbook
[ccxt-service] GET /api/coinbase/asset-info
[ccxt-service] GET /api/coinbase/trades
[ccxt-service] GET /api/coinbase/candles
[ccxt-service] GET /api/coinbase/orderbook
[ccxt-service] GET /api/coinbase/orderbook
[ccxt-service] GET /api/coinbase/trades
[ccxt-service] GET /api/coinbase/orderbook
[ccxt-service] GET /api/coinbase/candles
[ccxt-service] GET /api/coinbase/trades
[ccxt-service] GET /api/coinbase/orderbook
[ccxt-service] GET /api/coinbase/orderbook
[ccxt-service] GET /api/coinbase/asset-info
[ccxt-service] GET /api/coinbase/trades
[ccxt-service] GET /api/coinbase/orderbook
[ccxt-service] GET /api/coinbase/candles
[ccxt-service] GET /api/coinbase/trades
[ccxt-service] GET /api/coinbase/orderbook
[ccxt-service] GET /api/coinbase/orderbook
[ccxt-service] GET /api/coinbase/trades
[ccxt-service] GET /api/coinbase/candles
[ccxt-service] GET /api/coinbase/orderbook
[ccxt-service] GET /api/coinbase/trades
[ccxt-service] GET /api/coinbase/asset-info
[ccxt-service] GET /api/coinbase/orderbook
[ccxt-service] GET /api/coinbase/orderbook
[ccxt-service] GET /api/coinbase/candles
[ccxt-service] GET /api/coinbase/trades
[ccxt-service] GET /api/coinbase/orderbook
[ccxt-service] GET /api/coinbase/orderbook
[ccxt-service] GET /api/coinbase/trades
[ccxt-service] GET /api/coinbase/candles
[ccxt-service] GET /api/coinbase/orderbook
[ccxt-service] GET /api/coinbase/trades
[ccxt-service] GET /api/coinbase/asset-info
[ccxt-service] GET /api/coinbase/orderbook
[ccxt-service] GET /api/coinbase/trades
[ccxt-service] GET /api/coinbase/orderbook
[ccxt-service] GET /api/coinbase/candles
[ccxt-service] GET /api/coinbase/orderbook
[ccxt-service] GET /api/coinbase/trades
[ccxt-service] GET /api/coinbase/orderbook
[ccxt-service] GET /api/coinbase/candles
[ccxt-service] GET /api/coinbase/trades
[ccxt-service] GET /api/coinbase/orderbook
[ccxt-service] GET /api/coinbase/asset-info
[ccxt-service] GET /api/coinbase/orderbook
[ccxt-service] GET /api/coinbase/trades
[ccxt-service] GET /api/coinbase/orderbook
[ccxt-service] GET /api/coinbase/candles
[ccxt-service] GET /api/coinbase/trades
[ccxt-service] GET /api/coinbase/orderbook
[ccxt-service] GET /api/coinbase/orderbook
[ccxt-service] GET /api/coinbase/candles
[ccxt-service] GET /api/coinbase/trades
[ccxt-service] GET /api/coinbase/orderbook
[ccxt-service] GET /api/coinbase/trades
[ccxt-service] GET /api/coinbase/asset-info
[ccxt-service] GET /api/coinbase/orderbook
[ccxt-service] GET /api/coinbase/candles
[ccxt-service] GET /api/coinbase/orderbook
[ccxt-service] GET /api/coinbase/trades
[ccxt-service] GET /api/coinbase/orderbook
[ccxt-service] GET /api/coinbase/orderbook
[ccxt-service] GET /api/coinbase/trades
[ccxt-service] GET /api/coinbase/candles
[ccxt-service] GET /api/coinbase/orderbook
[ccxt-service] GET /api/coinbase/trades
[ccxt-service] GET /api/coinbase/asset-info
[ccxt-service] GET /api/coinbase/orderbook
[ccxt-service] GET /api/coinbase/candles
[ccxt-service] GET /api/coinbase/candles
[ccxt-service] GET /api/coinbase/candles
[ccxt-service] GET /api/coinbase/orderbook
[ccxt-service] GET /api/coinbase/trades
[ccxt-service] GET /api/coinbase/candles
[ccxt-service] GET /api/coinbase/candles
[ccxt-service] GET /api/coinbase/candles
[ccxt-service] GET /api/coinbase/orderbook
[ccxt-service] GET /api/coinbase/trades
[ccxt-service] GET /api/coinbase/orderbook
[ccxt-service] GET /api/coinbase/trades
[ccxt-service] GET /api/coinbase/orderbook
[ccxt-service] GET /api/coinbase/candles
[ccxt-service] GET /api/coinbase/asset-info
[ccxt-service] GET /api/coinbase/orderbook
[ccxt-service] GET /api/coinbase/trades
[ccxt-service] GET /api/coinbase/orderbook
[ccxt-service] GET /api/coinbase/trades
[ccxt-service] GET /api/coinbase/candles
[ccxt-service] GET /api/coinbase/orderbook
[ccxt-service] GET /api/coinbase/orderbook
[ccxt-service] GET /api/coinbase/trades
[ccxt-service] GET /api/coinbase/orderbook
[ccxt-service] GET /api/coinbase/candles
[ccxt-service] GET /api/coinbase/asset-info
[ccxt-service] GET /api/coinbase/trades
[ccxt-service] GET /api/coinbase/orderbook
[ccxt-service] GET /api/coinbase/orderbook
[ccxt-service] GET /api/coinbase/trades
[ccxt-service] GET /api/coinbase/orderbook
[ccxt-service] GET /api/coinbase/candles
[ccxt-service] GET /api/coinbase/trades
[ccxt-service] GET /api/coinbase/orderbook
[ccxt-service] GET /api/coinbase/orderbook
[ccxt-service] GET /api/coinbase/trades
[ccxt-service] GET /api/coinbase/candles
[ccxt-service] GET /api/coinbase/orderbook
[ccxt-service] GET /api/coinbase/asset-info
[ccxt-service] GET /api/coinbase/trades
[ccxt-service] GET /api/coinbase/orderbook
[ccxt-service] GET /api/coinbase/orderbook
[ccxt-service] GET /api/coinbase/candles
[ccxt-service] GET /api/coinbase/trades
[ccxt-service] GET /api/coinbase/orderbook
[ccxt-service] GET /api/coinbase/trades
[ccxt-service] GET /api/coinbase/orderbook
[ccxt-service] GET /api/coinbase/candles
[ccxt-service] GET /api/coinbase/asset-info
[ccxt-service] GET /api/coinbase/orderbook
[ccxt-service] GET /api/coinbase/trades
[ccxt-service] GET /api/coinbase/orderbook
[ccxt-service] GET /api/coinbase/trades
[ccxt-service] GET /api/coinbase/orderbook
[ccxt-service] GET /api/coinbase/asset-info
[ccxt-service] GET /api/coinbase/candles
[ccxt-service] GET /api/coinbase/asset-info
[ccxt-service] GET /api/coinbase/orderbook
[ccxt-service] GET /api/coinbase/candles
[ccxt-service] GET /api/coinbase/trades
[ccxt-service] GET /api/coinbase/orderbook
[ccxt-service] GET /api/coinbase/asset-info
[ccxt-service] GET /api/coinbase/candles
[ccxt-service] GET /api/coinbase/trades
[ccxt-service] GET /api/coinbase/asset-info
[ccxt-service] GET /api/coinbase/orderbook
[ccxt-service] GET /api/coinbase/trades
[ccxt-service] GET /api/coinbase/candles
[ccxt-service] GET /api/coinbase/asset-info
[ccxt-service] GET /api/coinbase/orderbook
[ccxt-service] GET /api/coinbase/trades
[ccxt-service] GET /api/coinbase/candles
[ccxt-service] GET /api/coinbase/candles
[ccxt-service] GET /api/coinbase/trades
[ccxt-service] GET /api/coinbase/asset-info
[ccxt-service] GET /api/coinbase/orderbook
[ccxt-service] GET /api/coinbase/orderbook
[ccxt-service] GET /api/coinbase/asset-info
[ccxt-service] GET /api/coinbase/markets
[ccxt-service] GET /api/coinbase/markets
[ccxt-service] GET /api/coinbase/asset-info
[ccxt-service] GET /api/coinbase/trades
[ccxt-service] GET /api/coinbase/trades
[ccxt-service] GET /api/coinbase/orderbook
[ccxt-service] GET /api/coinbase/orderbook
[ccxt-service] GET /api/coinbase/orderbook
[ccxt-service] GET /api/coinbase/candles
[ccxt-service] GET /api/coinbase/asset-info
[ccxt-service] GET /api/coinbase/asset-info
[ccxt-service] GET /api/coinbase/candles
[ccxt-service] GET /api/coinbase/orderbook
[ccxt-service] GET /api/coinbase/candles
[ccxt-service] GET /api/coinbase/trades
[ccxt-service] GET /api/coinbase/orderbook
[ccxt-service] GET /api/coinbase/trades
[ccxt-service] GET /api/coinbase/orderbook
[ccxt-service] GET /api/coinbase/candles
[ccxt-service] GET /api/coinbase/orderbook
[ccxt-service] GET /api/coinbase/trades
[ccxt-service] GET /api/coinbase/asset-info
[ccxt-service] GET /api/coinbase/orderbook
[ccxt-service] GET /api/coinbase/trades
[ccxt-service] GET /api/coinbase/orderbook
[ccxt-service] GET /api/coinbase/candles
[ccxt-service] GET /api/coinbase/orderbook
[ccxt-service] GET /api/coinbase/trades
[ccxt-service] GET /api/coinbase/orderbook
[ccxt-service] GET /api/coinbase/candles
[ccxt-service] GET /api/coinbase/trades
[ccxt-service] GET /api/coinbase/orderbook
[ccxt-service] GET /api/coinbase/asset-info
[ccxt-service] GET /api/coinbase/orderbook
[ccxt-service] GET /api/coinbase/trades
[ccxt-service] GET /api/coinbase/orderbook
[ccxt-service] GET /api/coinbase/candles
[ccxt-service] GET /api/coinbase/trades
[ccxt-service] GET /api/coinbase/orderbook
[ccxt-service] GET /api/okx/asset-info
[ccxt-service] GET /api/okx/orderbook
[ccxt-service] GET /api/okx/trades
[ccxt-service] GET /api/okx/markets
[ccxt-service] GET /api/okx/asset-info
[ccxt-service] GET /api/okx/orderbook
[ccxt-service] GET /api/okx/orderbook
[ccxt-service] GET /api/okx/trades
[ccxt-service] GET /api/okx/candles
[ccxt-service] GET /api/okx/asset-info
[ccxt-service] GET /api/okx/asset-info
[ccxt-service] GET /api/okx/candles
[ccxt-service] GET /api/okx/orderbook
[ccxt-service] GET /api/okx/trades
[ccxt-service] GET /api/okx/candles
[ccxt-service] GET /api/okx/orderbook
[ccxt-service] GET /api/okx/trades
[ccxt-service] GET /api/okx/orderbook
[ccxt-service] GET /api/kraken/asset-info
[ccxt-service] GET /api/kraken/trades
[ccxt-service] GET /api/kraken/markets
[ccxt-service] GET /api/kraken/orderbook
Error: Symbol mapping missing for kraken:USDT-SGD. Available markets include: 0G-EUR, 0G-USD, 1INCH-EUR, 1INCH-USD, 2Z-EUR, 2Z-USD, AAVE-ETH, AAVE-EUR, AAVE-GBP, AAVE-USD.... Please check if the symbol exists on this exchange.
    at buildSymbolMap (file:///Users/ehfuzzz/Desktop/trade.intelayer.com/ccxt-service/index.mjs:143:11)
    at mapSymbol (file:///Users/ehfuzzz/Desktop/trade.intelayer.com/ccxt-service/index.mjs:156:10)
    at process.processTicksAndRejections (node:internal/process/task_queues:105:5)
    at async file:///Users/ehfuzzz/Desktop/trade.intelayer.com/ccxt-service/index.mjs:342:28
Error: Symbol mapping missing for kraken:USDT-SGD. Available markets include: 0G-EUR, 0G-USD, 1INCH-EUR, 1INCH-USD, 2Z-EUR, 2Z-USD, AAVE-ETH, AAVE-EUR, AAVE-GBP, AAVE-USD.... Please check if the symbol exists on this exchange.
    at buildSymbolMap (file:///Users/ehfuzzz/Desktop/trade.intelayer.com/ccxt-service/index.mjs:143:11)
    at mapSymbol (file:///Users/ehfuzzz/Desktop/trade.intelayer.com/ccxt-service/index.mjs:156:10)
    at process.processTicksAndRejections (node:internal/process/task_queues:105:5)
    at async file:///Users/ehfuzzz/Desktop/trade.intelayer.com/ccxt-service/index.mjs:311:28
Error: Symbol mapping missing for kraken:USDT-SGD. Available markets include: 0G-EUR, 0G-USD, 1INCH-EUR, 1INCH-USD, 2Z-EUR, 2Z-USD, AAVE-ETH, AAVE-EUR, AAVE-GBP, AAVE-USD.... Please check if the symbol exists on this exchange.
    at buildSymbolMap (file:///Users/ehfuzzz/Desktop/trade.intelayer.com/ccxt-service/index.mjs:143:11)
    at mapSymbol (file:///Users/ehfuzzz/Desktop/trade.intelayer.com/ccxt-service/index.mjs:156:10)
    at process.processTicksAndRejections (node:internal/process/task_queues:105:5)
    at async file:///Users/ehfuzzz/Desktop/trade.intelayer.com/ccxt-service/index.mjs:270:28
[ccxt-service] GET /api/kraken/asset-info
Error: Symbol mapping missing for kraken:USDT-SGD. Available markets include: 0G-EUR, 0G-USD, 1INCH-EUR, 1INCH-USD, 2Z-EUR, 2Z-USD, AAVE-ETH, AAVE-EUR, AAVE-GBP, AAVE-USD.... Please check if the symbol exists on this exchange.
    at buildSymbolMap (file:///Users/ehfuzzz/Desktop/trade.intelayer.com/ccxt-service/index.mjs:143:11)
    at mapSymbol (file:///Users/ehfuzzz/Desktop/trade.intelayer.com/ccxt-service/index.mjs:156:10)
    at process.processTicksAndRejections (node:internal/process/task_queues:105:5)
    at async file:///Users/ehfuzzz/Desktop/trade.intelayer.com/ccxt-service/index.mjs:342:28
[ccxt-service] GET /api/kraken/asset-info
[ccxt-service] GET /api/kraken/orderbook
Error: Symbol mapping missing for kraken:USDT-SGD. Available markets include: 0G-EUR, 0G-USD, 1INCH-EUR, 1INCH-USD, 2Z-EUR, 2Z-USD, AAVE-ETH, AAVE-EUR, AAVE-GBP, AAVE-USD.... Please check if the symbol exists on this exchange.
    at buildSymbolMap (file:///Users/ehfuzzz/Desktop/trade.intelayer.com/ccxt-service/index.mjs:143:11)
    at mapSymbol (file:///Users/ehfuzzz/Desktop/trade.intelayer.com/ccxt-service/index.mjs:156:10)
    at process.processTicksAndRejections (node:internal/process/task_queues:105:5)
    at async file:///Users/ehfuzzz/Desktop/trade.intelayer.com/ccxt-service/index.mjs:270:28
[ccxt-service] GET /api/kraken/orderbook
[ccxt-service] GET /api/kraken/trades
[ccxt-service] GET /api/kraken/candles
[ccxt-service] GET /api/kraken/asset-info
[ccxt-service] GET /api/bitfinex/asset-info
Error: Symbol mapping missing for bitfinex:0G-EUR. Available markets include: AAVE-USD, AAVE-USDT, ADA-BTC, ADA-USD, ADA-USDT, ALGO-USD, ALT2612-USD, ALT2612-USDT, AMPL-USD, AMPL-USDT.... Please check if the symbol exists on this exchange.
    at buildSymbolMap (file:///Users/ehfuzzz/Desktop/trade.intelayer.com/ccxt-service/index.mjs:143:11)
    at mapSymbol (file:///Users/ehfuzzz/Desktop/trade.intelayer.com/ccxt-service/index.mjs:156:10)
    at process.processTicksAndRejections (node:internal/process/task_queues:105:5)
    at async file:///Users/ehfuzzz/Desktop/trade.intelayer.com/ccxt-service/index.mjs:342:28
[ccxt-service] GET /api/bitfinex/trades
Error: Symbol mapping missing for bitfinex:0G-EUR. Available markets include: AAVE-USD, AAVE-USDT, ADA-BTC, ADA-USD, ADA-USDT, ALGO-USD, ALT2612-USD, ALT2612-USDT, AMPL-USD, AMPL-USDT.... Please check if the symbol exists on this exchange.
    at buildSymbolMap (file:///Users/ehfuzzz/Desktop/trade.intelayer.com/ccxt-service/index.mjs:143:11)
    at mapSymbol (file:///Users/ehfuzzz/Desktop/trade.intelayer.com/ccxt-service/index.mjs:156:10)
    at process.processTicksAndRejections (node:internal/process/task_queues:105:5)
    at async file:///Users/ehfuzzz/Desktop/trade.intelayer.com/ccxt-service/index.mjs:311:28
[ccxt-service] GET /api/bitfinex/orderbook
Error: Symbol mapping missing for bitfinex:0G-EUR. Available markets include: AAVE-USD, AAVE-USDT, ADA-BTC, ADA-USD, ADA-USDT, ALGO-USD, ALT2612-USD, ALT2612-USDT, AMPL-USD, AMPL-USDT.... Please check if the symbol exists on this exchange.
    at buildSymbolMap (file:///Users/ehfuzzz/Desktop/trade.intelayer.com/ccxt-service/index.mjs:143:11)
    at mapSymbol (file:///Users/ehfuzzz/Desktop/trade.intelayer.com/ccxt-service/index.mjs:156:10)
    at process.processTicksAndRejections (node:internal/process/task_queues:105:5)
    at async file:///Users/ehfuzzz/Desktop/trade.intelayer.com/ccxt-service/index.mjs:270:28
[ccxt-service] GET /api/bitfinex/markets
[ccxt-service] GET /api/bitfinex/asset-info
Error: Symbol mapping missing for bitfinex:0G-EUR. Available markets include: AAVE-USD, AAVE-USDT, ADA-BTC, ADA-USD, ADA-USDT, ALGO-USD, ALT2612-USD, ALT2612-USDT, AMPL-USD, AMPL-USDT.... Please check if the symbol exists on this exchange.
    at buildSymbolMap (file:///Users/ehfuzzz/Desktop/trade.intelayer.com/ccxt-service/index.mjs:143:11)
    at mapSymbol (file:///Users/ehfuzzz/Desktop/trade.intelayer.com/ccxt-service/index.mjs:156:10)
    at process.processTicksAndRejections (node:internal/process/task_queues:105:5)
    at async file:///Users/ehfuzzz/Desktop/trade.intelayer.com/ccxt-service/index.mjs:342:28
[ccxt-service] GET /api/bitfinex/asset-info
[ccxt-service] GET /api/bitfinex/orderbook
Error: Symbol mapping missing for bitfinex:0G-EUR. Available markets include: AAVE-USD, AAVE-USDT, ADA-BTC, ADA-USD, ADA-USDT, ALGO-USD, ALT2612-USD, ALT2612-USDT, AMPL-USD, AMPL-USDT.... Please check if the symbol exists on this exchange.
    at buildSymbolMap (file:///Users/ehfuzzz/Desktop/trade.intelayer.com/ccxt-service/index.mjs:143:11)
    at mapSymbol (file:///Users/ehfuzzz/Desktop/trade.intelayer.com/ccxt-service/index.mjs:156:10)
    at process.processTicksAndRejections (node:internal/process/task_queues:105:5)
    at async file:///Users/ehfuzzz/Desktop/trade.intelayer.com/ccxt-service/index.mjs:270:28
[ccxt-service] GET /api/bitfinex/trades
[ccxt-service] GET /api/bitfinex/orderbook
[ccxt-service] GET /api/bitfinex/candles
[ccxt-service] GET /api/bitfinex/asset-info
[ccxt-service] GET /api/bitfinex/trades
[ccxt-service] GET /api/bitfinex/orderbook
[ccxt-service] GET /api/bitfinex/candles
[ccxt-service] GET /api/bitfinex/trades
[ccxt-service] GET /api/bitfinex/orderbook
[ccxt-service] GET /api/bitfinex/candles
[ccxt-service] GET /api/bitfinex/trades
[ccxt-service] GET /api/bitfinex/asset-info
[ccxt-service] GET /api/bitfinex/orderbook
[ccxt-service] GET /api/bitfinex/trades
[ccxt-service] GET /api/bitfinex/candles
[ccxt-service] GET /api/coinbase/asset-info
[ccxt-service] GET /api/coinbase/trades
[ccxt-service] GET /api/coinbase/orderbook
[ccxt-service] GET /api/coinbase/markets
[ccxt-service] GET /api/coinbase/asset-info
[ccxt-service] GET /api/coinbase/trades
[ccxt-service] GET /api/coinbase/orderbook
[ccxt-service] GET /api/coinbase/orderbook
[ccxt-service] GET /api/coinbase/candles
[ccxt-service] GET /api/coinbase/asset-info
[ccxt-service] GET /api/coinbase/candles
[ccxt-service] GET /api/coinbase/asset-info
[ccxt-service] GET /api/coinbase/candles
[ccxt-service] GET /api/coinbase/orderbook
[ccxt-service] GET /api/coinbase/trades
[ccxt-service] GET /api/coinbase/orderbook
[ccxt-service] GET /api/coinbase/trades
[ccxt-service] GET /api/coinbase/orderbook
[ccxt-service] GET /api/coinbase/candles
[ccxt-service] GET /api/coinbase/orderbook
[ccxt-service] GET /api/coinbase/trades
[ccxt-service] GET /api/coinbase/asset-info
[ccxt-service] GET /api/coinbase/orderbook
[ccxt-service] GET /api/coinbase/candles
[ccxt-service] GET /api/coinbase/trades
[ccxt-service] GET /api/coinbase/orderbook
[ccxt-service] GET /api/coinbase/orderbook
[ccxt-service] GET /api/coinbase/trades
[ccxt-service] GET /api/coinbase/orderbook
[ccxt-service] GET /api/coinbase/candles
[ccxt-service] GET /api/coinbase/trades
[ccxt-service] GET /api/coinbase/orderbook
[ccxt-service] GET /api/coinbase/asset-info
[ccxt-service] GET /api/coinbase/orderbook
[ccxt-service] GET /api/coinbase/trades
[ccxt-service] GET /api/coinbase/candles
[ccxt-service] GET /api/coinbase/orderbook
[ccxt-service] GET /api/coinbase/trades
[ccxt-service] GET /api/coinbase/orderbook
[ccxt-service] GET /api/coinbase/orderbook
[ccxt-service] GET /api/coinbase/candles
[ccxt-service] GET /api/coinbase/trades
[ccxt-service] GET /api/coinbase/orderbook
[ccxt-service] GET /api/coinbase/trades
[ccxt-service] GET /api/coinbase/asset-info
[ccxt-service] GET /api/coinbase/orderbook
[ccxt-service] GET /api/coinbase/candles
[ccxt-service] GET /api/coinbase/orderbook
[ccxt-service] GET /api/coinbase/trades
[ccxt-service] GET /api/coinbase/orderbook
[ccxt-service] GET /api/coinbase/trades
[ccxt-service] GET /api/coinbase/orderbook
[ccxt-service] GET /api/coinbase/candles
[ccxt-service] GET /api/coinbase/orderbook
[ccxt-service] GET /api/coinbase/trades
[ccxt-service] GET /api/coinbase/asset-info
[ccxt-service] GET /api/coinbase/orderbook
[ccxt-service] GET /api/coinbase/asset-info
[ccxt-service] GET /api/coinbase/markets
[ccxt-service] GET /api/coinbase/markets
[ccxt-service] GET /api/coinbase/asset-info
[ccxt-service] GET /api/coinbase/orderbook
[ccxt-service] GET /api/coinbase/trades
[ccxt-service] GET /api/coinbase/trades
[ccxt-service] GET /api/coinbase/orderbook
[ccxt-service] GET /api/coinbase/orderbook
[ccxt-service] GET /api/coinbase/candles
[ccxt-service] GET /api/coinbase/asset-info
[ccxt-service] GET /api/coinbase/asset-info
[ccxt-service] GET /api/coinbase/candles
[ccxt-service] GET /api/coinbase/orderbook
[ccxt-service] GET /api/coinbase/candles
[ccxt-service] GET /api/coinbase/trades
[ccxt-service] GET /api/coinbase/orderbook
[ccxt-service] GET /api/coinbase/trades
[ccxt-service] GET /api/coinbase/orderbook
[ccxt-service] GET /api/coinbase/candles
[ccxt-service] GET /api/coinbase/orderbook
[ccxt-service] GET /api/coinbase/trades
[ccxt-service] GET /api/coinbase/orderbook
[ccxt-service] GET /api/coinbase/asset-info
[ccxt-service] GET /api/coinbase/candles
[ccxt-service] GET /api/coinbase/trades
[ccxt-service] GET /api/coinbase/orderbook
[ccxt-service] GET /api/coinbase/orderbook
[ccxt-service] GET /api/coinbase/trades
[ccxt-service] GET /api/coinbase/orderbook
[ccxt-service] GET /api/coinbase/candles
[ccxt-service] GET /api/coinbase/orderbook
[ccxt-service] GET /api/coinbase/trades
[ccxt-service] GET /api/coinbase/asset-info
[ccxt-service] GET /api/coinbase/orderbook
[ccxt-service] GET /api/coinbase/trades
[ccxt-service] GET /api/coinbase/candles
[ccxt-service] GET /api/coinbase/orderbook
[ccxt-service] GET /api/coinbase/orderbook
[ccxt-service] GET /api/coinbase/trades
[ccxt-service] GET /api/coinbase/orderbook
[ccxt-service] GET /api/coinbase/trades
[ccxt-service] GET /api/coinbase/candles
[ccxt-service] GET /api/coinbase/orderbook
[ccxt-service] GET /api/coinbase/trades
[ccxt-service] GET /api/coinbase/asset-info
[ccxt-service] GET /api/coinbase/orderbook
[ccxt-service] GET /api/coinbase/orderbook
[ccxt-service] GET /api/coinbase/candles
[ccxt-service] GET /api/coinbase/trades
[ccxt-service] GET /api/coinbase/orderbook
[ccxt-service] GET /api/coinbase/trades
[ccxt-service] GET /api/coinbase/orderbook
[ccxt-service] GET /api/coinbase/candles
[ccxt-service] GET /api/coinbase/orderbook
[ccxt-service] GET /api/coinbase/trades
[ccxt-service] GET /api/coinbase/asset-info
[ccxt-service] GET /api/coinbase/orderbook
[ccxt-service] GET /api/coinbase/trades
[ccxt-service] GET /api/coinbase/orderbook
[ccxt-service] GET /api/coinbase/candles
[ccxt-service] GET /api/coinbase/orderbook
[ccxt-service] GET /api/coinbase/trades
[ccxt-service] GET /api/coinbase/orderbook
[ccxt-service] GET /api/coinbase/candles
[ccxt-service] GET /api/coinbase/trades
[ccxt-service] GET /api/coinbase/orderbook
[ccxt-service] GET /api/coinbase/asset-info
[ccxt-service] GET /api/coinbase/orderbook
[ccxt-service] GET /api/coinbase/trades
[ccxt-service] GET /api/coinbase/orderbook
[ccxt-service] GET /api/coinbase/candles
[ccxt-service] GET /api/coinbase/orderbook
[ccxt-service] GET /api/coinbase/trades
[ccxt-service] GET /api/coinbase/orderbook
[ccxt-service] GET /api/coinbase/candles
[ccxt-service] GET /api/coinbase/trades
[ccxt-service] GET /api/coinbase/orderbook
[ccxt-service] GET /api/coinbase/trades
[ccxt-service] GET /api/coinbase/orderbook
[ccxt-service] GET /api/coinbase/asset-info
[ccxt-service] GET /api/coinbase/orderbook
[ccxt-service] GET /api/coinbase/candles
[ccxt-service] GET /api/coinbase/trades
[ccxt-service] GET /api/coinbase/orderbook
[ccxt-service] GET /api/coinbase/orderbook
[ccxt-service] GET /api/coinbase/trades
[ccxt-service] GET /api/coinbase/candles
[ccxt-service] GET /api/coinbase/orderbook
[ccxt-service] GET /api/coinbase/trades
[ccxt-service] GET /api/coinbase/orderbook
[ccxt-service] GET /api/coinbase/asset-info
[ccxt-service] GET /api/coinbase/orderbook
[ccxt-service] GET /api/coinbase/trades
[ccxt-service] GET /api/coinbase/candles
[ccxt-service] GET /api/coinbase/orderbook
[ccxt-service] GET /api/coinbase/trades
[ccxt-service] GET /api/coinbase/orderbook
[ccxt-service] GET /api/coinbase/candles
[ccxt-service] GET /api/coinbase/orderbook
[ccxt-service] GET /api/coinbase/trades
[ccxt-service] GET /api/coinbase/asset-info
[ccxt-service] GET /api/coinbase/orderbook
[ccxt-service] GET /api/coinbase/trades
[ccxt-service] GET /api/coinbase/candles
[ccxt-service] GET /api/coinbase/orderbook
[ccxt-service] GET /api/coinbase/trades
[ccxt-service] GET /api/coinbase/orderbook
[ccxt-service] GET /api/coinbase/orderbook
[ccxt-service] GET /api/coinbase/candles
[ccxt-service] GET /api/coinbase/trades
[ccxt-service] GET /api/coinbase/orderbook
[ccxt-service] GET /api/coinbase/trades
[ccxt-service] GET /api/coinbase/asset-info
[ccxt-service] GET /api/coinbase/orderbook
[ccxt-service] GET /api/coinbase/orderbook
[ccxt-service] GET /api/coinbase/candles
[ccxt-service] GET /api/coinbase/trades
[ccxt-service] GET /api/coinbase/orderbook
[ccxt-service] GET /api/coinbase/orderbook
[ccxt-service] GET /api/coinbase/trades
[ccxt-service] GET /api/coinbase/candles
[ccxt-service] GET /api/coinbase/orderbook
[ccxt-service] GET /api/coinbase/trades
[ccxt-service] GET /api/coinbase/asset-info
[ccxt-service] GET /api/coinbase/orderbook
[ccxt-service] GET /api/coinbase/trades
[ccxt-service] GET /api/coinbase/orderbook
[ccxt-service] GET /api/coinbase/candles
[ccxt-service] GET /api/coinbase/orderbook
[ccxt-service] GET /api/coinbase/trades
[ccxt-service] GET /api/coinbase/orderbook
[ccxt-service] GET /api/coinbase/candles
[ccxt-service] GET /api/coinbase/orderbook
[ccxt-service] GET /api/coinbase/trades
[ccxt-service] GET /api/coinbase/asset-info
[ccxt-service] GET /api/coinbase/candles
[ccxt-service] GET /api/coinbase/trades
[ccxt-service] GET /api/coinbase/orderbook
[ccxt-service] GET /api/coinbase/trades
[ccxt-service] GET /api/coinbase/orderbook
[ccxt-service] GET /api/coinbase/orderbook
[ccxt-service] GET /api/coinbase/trades
[ccxt-service] GET /api/coinbase/candles
[ccxt-service] GET /api/coinbase/orderbook
[ccxt-service] GET /api/coinbase/trades
[ccxt-service] GET /api/coinbase/asset-info
[ccxt-service] GET /api/coinbase/orderbook
[ccxt-service] GET /api/coinbase/orderbook
[ccxt-service] GET /api/coinbase/candles
[ccxt-service] GET /api/coinbase/trades
[ccxt-service] GET /api/coinbase/orderbook
[ccxt-service] GET /api/coinbase/orderbook
[ccxt-service] GET /api/coinbase/trades
[ccxt-service] GET /api/coinbase/candles
[ccxt-service] GET /api/coinbase/orderbook
[ccxt-service] GET /api/coinbase/trades
[ccxt-service] GET /api/coinbase/asset-info
[ccxt-service] GET /api/coinbase/orderbook
[ccxt-service] GET /api/coinbase/trades
[ccxt-service] GET /api/coinbase/orderbook
[ccxt-service] GET /api/coinbase/candles
[ccxt-service] GET /api/coinbase/orderbook
[ccxt-service] GET /api/coinbase/trades
[ccxt-service] GET /api/coinbase/orderbook
[ccxt-service] GET /api/coinbase/candles
[ccxt-service] GET /api/coinbase/trades
[ccxt-service] GET /api/coinbase/orderbook
[ccxt-service] GET /api/coinbase/asset-info
[ccxt-service] GET /api/coinbase/orderbook
[ccxt-service] GET /api/coinbase/trades
[ccxt-service] GET /api/coinbase/orderbook
[ccxt-service] GET /api/coinbase/candles
[ccxt-service] GET /api/coinbase/orderbook
[ccxt-service] GET /api/coinbase/trades
[ccxt-service] GET /api/coinbase/candles
[ccxt-service] GET /api/coinbase/orderbook
[ccxt-service] GET /api/coinbase/candles
[ccxt-service] GET /api/coinbase/trades
[ccxt-service] GET /api/coinbase/orderbook
[ccxt-service] GET /api/coinbase/candles
[ccxt-service] GET /api/coinbase/markets
[ccxt-service] GET /api/coinbase/orderbook
[ccxt-service] GET /api/coinbase/trades
[ccxt-service] GET /api/coinbase/asset-info
[ccxt-service] GET /api/coinbase/candles
[ccxt-service] GET /api/coinbase/orderbook
[ccxt-service] GET /api/coinbase/trades
[ccxt-service] GET /api/coinbase/orderbook
[ccxt-service] GET /api/coinbase/orderbook
[ccxt-service] GET /api/coinbase/trades
[ccxt-service] GET /api/coinbase/candles
[ccxt-service] GET /api/coinbase/orderbook
[ccxt-service] GET /api/coinbase/trades
[ccxt-service] GET /api/coinbase/candles
[ccxt-service] GET /api/coinbase/asset-info
[ccxt-service] GET /api/coinbase/orderbook
[ccxt-service] GET /api/coinbase/orderbook
[ccxt-service] GET /api/coinbase/trades
[ccxt-service] GET /api/coinbase/candles
[ccxt-service] GET /api/coinbase/orderbook
[ccxt-service] GET /api/coinbase/trades
[ccxt-service] GET /api/coinbase/orderbook
[ccxt-service] GET /api/coinbase/candles
[ccxt-service] GET /api/coinbase/candles
[ccxt-service] GET /api/coinbase/trades
[ccxt-service] GET /api/coinbase/orderbook
[ccxt-service] GET /api/coinbase/orderbook
[ccxt-service] GET /api/coinbase/asset-info
[ccxt-service] GET /api/coinbase/trades
[ccxt-service] GET /api/coinbase/orderbook
[ccxt-service] GET /api/coinbase/candles
[ccxt-service] GET /api/coinbase/trades
[ccxt-service] GET /api/coinbase/orderbook
[ccxt-service] GET /api/coinbase/candles
[ccxt-service] GET /api/coinbase/candles
[ccxt-service] GET /api/coinbase/candles
[ccxt-service] GET /api/coinbase/orderbook
[ccxt-service] GET /api/coinbase/trades
[ccxt-service] GET /api/coinbase/orderbook
[ccxt-service] GET /api/coinbase/trades
[ccxt-service] GET /api/coinbase/asset-info
[ccxt-service] GET /api/coinbase/orderbook
[ccxt-service] GET /api/coinbase/candles
[ccxt-service] GET /api/coinbase/orderbook
[ccxt-service] GET /api/coinbase/trades
[ccxt-service] GET /api/coinbase/orderbook
[ccxt-service] GET /api/coinbase/trades
[ccxt-service] GET /api/coinbase/orderbook
[ccxt-service] GET /api/coinbase/candles
[ccxt-service] GET /api/coinbase/candles
[ccxt-service] GET /api/coinbase/candles
[ccxt-service] GET /api/coinbase/candles
[ccxt-service] GET /api/coinbase/candles
[ccxt-service] GET /api/coinbase/candles
[ccxt-service] GET /api/coinbase/candles
[ccxt-service] GET /api/coinbase/candles
[ccxt-service] GET /api/coinbase/candles
[ccxt-service] GET /api/coinbase/candles
[ccxt-service] GET /api/coinbase/orderbook
[ccxt-service] GET /api/coinbase/candles
[ccxt-service] GET /api/coinbase/candles
[ccxt-service] GET /api/coinbase/trades
[ccxt-service] GET /api/coinbase/orderbook
[ccxt-service] GET /api/coinbase/asset-info
[ccxt-service] GET /api/coinbase/candles
[ccxt-service] GET /api/coinbase/trades
[ccxt-service] GET /api/coinbase/orderbook
[ccxt-service] GET /api/coinbase/candles
[ccxt-service] GET /api/coinbase/candles
[ccxt-service] GET /api/coinbase/candles
[ccxt-service] GET /api/coinbase/candles
[ccxt-service] GET /api/coinbase/candles
[ccxt-service] GET /api/coinbase/candles
[ccxt-service] GET /api/coinbase/orderbook
[ccxt-service] GET /api/coinbase/asset-info
[ccxt-service] GET /api/coinbase/trades
[ccxt-service] GET /api/coinbase/candles
[ccxt-service] GET /api/coinbase/orderbook
[ccxt-service] GET /api/coinbase/trades
[ccxt-service] GET /api/coinbase/candles
[ccxt-service] GET /api/coinbase/asset-info
[ccxt-service] GET /api/coinbase/trades
[ccxt-service] GET /api/coinbase/orderbook
[ccxt-service] GET /api/coinbase/candles
[ccxt-service] GET /api/coinbase/asset-info
[ccxt-service] GET /api/coinbase/candles
[ccxt-service] GET /api/coinbase/orderbook
[ccxt-service] GET /api/coinbase/candles
[ccxt-service] GET /api/coinbase/asset-info
[ccxt-service] GET /api/coinbase/markets
[ccxt-service] GET /api/coinbase/markets
[ccxt-service] GET /api/coinbase/asset-info
[ccxt-service] GET /api/coinbase/orderbook
[ccxt-service] GET /api/coinbase/trades
[ccxt-service] GET /api/coinbase/trades
[ccxt-service] GET /api/coinbase/orderbook
[ccxt-service] GET /api/coinbase/orderbook
[ccxt-service] GET /api/coinbase/asset-info
[ccxt-service] GET /api/coinbase/candles
[ccxt-service] GET /api/coinbase/asset-info
[ccxt-service] GET /api/coinbase/candles
[ccxt-service] GET /api/coinbase/orderbook
[ccxt-service] GET /api/coinbase/candles
[ccxt-service] GET /api/coinbase/candles
[ccxt-service] GET /api/coinbase/candles
[ccxt-service] GET /api/coinbase/candles
[ccxt-service] GET /api/coinbase/trades
[ccxt-service] GET /api/coinbase/candles
[ccxt-service] GET /api/coinbase/candles
[ccxt-service] GET /api/coinbase/candles
[ccxt-service] GET /api/coinbase/candles
[ccxt-service] GET /api/coinbase/candles
[ccxt-service] GET /api/coinbase/orderbook
[ccxt-service] GET /api/coinbase/candles
[ccxt-service] GET /api/coinbase/candles
[ccxt-service] GET /api/coinbase/candles
[ccxt-service] GET /api/coinbase/candles
[ccxt-service] GET /api/coinbase/candles
[ccxt-service] GET /api/coinbase/candles
[ccxt-service] GET /api/coinbase/candles
[ccxt-service] GET /api/coinbase/trades
[ccxt-service] GET /api/coinbase/candles
[ccxt-service] GET /api/coinbase/orderbook
[ccxt-service] GET /api/coinbase/candles
[ccxt-service] GET /api/coinbase/candles
[ccxt-service] GET /api/coinbase/orderbook
[ccxt-service] GET /api/coinbase/candles
[ccxt-service] GET /api/coinbase/candles
[ccxt-service] GET /api/coinbase/candles
[ccxt-service] GET /api/coinbase/trades
[ccxt-service] GET /api/coinbase/asset-info
[ccxt-service] GET /api/coinbase/orderbook
[ccxt-service] GET /api/coinbase/trades
[ccxt-service] GET /api/coinbase/orderbook
[ccxt-service] GET /api/coinbase/candles
[ccxt-service] GET /api/coinbase/orderbook
[ccxt-service] GET /api/coinbase/trades
[ccxt-service] GET /api/coinbase/orderbook
[ccxt-service] GET /api/coinbase/candles
[ccxt-service] GET /api/coinbase/trades
[ccxt-service] GET /api/coinbase/orderbook
[ccxt-service] GET /api/coinbase/asset-info
[ccxt-service] GET /api/coinbase/orderbook
[ccxt-service] GET /api/coinbase/trades
[ccxt-service] GET /api/coinbase/orderbook
[ccxt-service] GET /api/coinbase/candles
[ccxt-service] GET /api/coinbase/trades
[ccxt-service] GET /api/coinbase/orderbook
[ccxt-service] GET /api/coinbase/orderbook
[ccxt-service] GET /api/coinbase/trades
[ccxt-service] GET /api/coinbase/candles
[ccxt-service] GET /api/coinbase/orderbook
[ccxt-service] GET /api/coinbase/trades
[ccxt-service] GET /api/coinbase/asset-info
[ccxt-service] GET /api/coinbase/orderbook
[ccxt-service] GET /api/coinbase/orderbook
[ccxt-service] GET /api/coinbase/candles
[ccxt-service] GET /api/coinbase/trades
[ccxt-service] GET /api/coinbase/orderbook
[ccxt-service] GET /api/coinbase/trades
[ccxt-service] GET /api/coinbase/orderbook
[ccxt-service] GET /api/coinbase/candles
[ccxt-service] GET /api/coinbase/orderbook
[ccxt-service] GET /api/coinbase/trades
[ccxt-service] GET /api/coinbase/orderbook
[ccxt-service] GET /api/coinbase/asset-info
[ccxt-service] GET /api/coinbase/orderbook
[ccxt-service] GET /api/coinbase/trades
[ccxt-service] GET /api/coinbase/candles
[ccxt-service] GET /api/coinbase/orderbook
[ccxt-service] GET /api/coinbase/trades
[ccxt-service] GET /api/coinbase/orderbook
[ccxt-service] GET /api/coinbase/trades
[ccxt-service] GET /api/coinbase/candles
[ccxt-service] GET /api/coinbase/orderbook
[ccxt-service] GET /api/coinbase/orderbook
[ccxt-service] GET /api/coinbase/asset-info
[ccxt-service] GET /api/coinbase/trades
[ccxt-service] GET /api/coinbase/orderbook
[ccxt-service] GET /api/coinbase/candles
[ccxt-service] GET /api/coinbase/trades
[ccxt-service] GET /api/coinbase/orderbook
[ccxt-service] GET /api/coinbase/orderbook
[ccxt-service] GET /api/coinbase/trades
[ccxt-service] GET /api/coinbase/candles
[ccxt-service] GET /api/coinbase/orderbook
[ccxt-service] GET /api/coinbase/trades
[ccxt-service] GET /api/coinbase/asset-info
[ccxt-service] GET /api/coinbase/orderbook
[ccxt-service] GET /api/coinbase/orderbook
[ccxt-service] GET /api/coinbase/candles
[ccxt-service] GET /api/coinbase/trades
[ccxt-service] GET /api/coinbase/orderbook
[ccxt-service] GET /api/coinbase/trades
[ccxt-service] GET /api/coinbase/orderbook
[ccxt-service] GET /api/coinbase/candles
[ccxt-service] GET /api/coinbase/orderbook
[ccxt-service] GET /api/coinbase/trades
[ccxt-service] GET /api/coinbase/asset-info
[ccxt-service] GET /api/coinbase/orderbook
[ccxt-service] GET /api/coinbase/trades
[ccxt-service] GET /api/coinbase/orderbook
[ccxt-service] GET /api/coinbase/candles
[ccxt-service] GET /api/coinbase/orderbook
[ccxt-service] GET /api/coinbase/trades
[ccxt-service] GET /api/coinbase/orderbook
[ccxt-service] GET /api/coinbase/candles
[ccxt-service] GET /api/coinbase/trades
[ccxt-service] GET /api/coinbase/orderbook
[ccxt-service] GET /api/coinbase/asset-info
[ccxt-service] GET /api/coinbase/orderbook
[ccxt-service] GET /api/coinbase/trades
[ccxt-service] GET /api/coinbase/orderbook
[ccxt-service] GET /api/coinbase/candles
[ccxt-service] GET /api/coinbase/trades
[ccxt-service] GET /api/coinbase/orderbook
[ccxt-service] GET /api/coinbase/orderbook
[ccxt-service] GET /api/coinbase/trades
[ccxt-service] GET /api/coinbase/candles
[ccxt-service] GET /api/coinbase/orderbook
[ccxt-service] GET /api/coinbase/trades
[ccxt-service] GET /api/coinbase/asset-info
[ccxt-service] GET /api/coinbase/orderbook
[ccxt-service] GET /api/coinbase/candles
[ccxt-service] GET /api/coinbase/candles
[ccxt-service] GET /api/coinbase/candles
[ccxt-service] GET /api/coinbase/candles
[ccxt-service] GET /api/coinbase/candles
[ccxt-service] GET /api/coinbase/candles
[ccxt-service] GET /api/coinbase/candles
[ccxt-service] GET /api/coinbase/orderbook
[ccxt-service] GET /api/coinbase/candles
[ccxt-service] GET /api/coinbase/candles
[ccxt-service] GET /api/coinbase/candles
[ccxt-service] GET /api/coinbase/candles
[ccxt-service] GET /api/coinbase/candles
[ccxt-service] GET /api/coinbase/trades
[ccxt-service] GET /api/coinbase/candles
[ccxt-service] GET /api/coinbase/candles
[ccxt-service] GET /api/coinbase/candles
[ccxt-service] GET /api/coinbase/candles
[ccxt-service] GET /api/coinbase/orderbook
[ccxt-service] GET /api/coinbase/candles
[ccxt-service] GET /api/coinbase/candles
[ccxt-service] GET /api/coinbase/candles
[ccxt-service] GET /api/coinbase/asset-info
[ccxt-service] GET /api/coinbase/markets
[ccxt-service] GET /api/coinbase/markets
[ccxt-service] GET /api/coinbase/asset-info
[ccxt-service] GET /api/coinbase/trades
[ccxt-service] GET /api/coinbase/orderbook
[ccxt-service] GET /api/coinbase/trades
[ccxt-service] GET /api/coinbase/orderbook
[ccxt-service] GET /api/coinbase/orderbook
[ccxt-service] GET /api/coinbase/asset-info
[ccxt-service] GET /api/coinbase/candles
[ccxt-service] GET /api/coinbase/asset-info
[ccxt-service] GET /api/coinbase/candles
[ccxt-service] GET /api/coinbase/orderbook
[ccxt-service] GET /api/coinbase/candles
[ccxt-service] GET /api/coinbase/candles
[ccxt-service] GET /api/coinbase/asset-info
[ccxt-service] GET /api/coinbase/orderbook
[ccxt-service] GET /api/coinbase/orderbook
[ccxt-service] GET /api/coinbase/candles
[ccxt-service] GET /api/coinbase/asset-info
[ccxt-service] GET /api/coinbase/trades
[ccxt-service] GET /api/coinbase/candles
[ccxt-service] GET /api/coinbase/candles
[ccxt-service] GET /api/coinbase/candles
[ccxt-service] GET /api/coinbase/candles
[ccxt-service] GET /api/coinbase/candles
[ccxt-service] GET /api/coinbase/orderbook
[ccxt-service] GET /api/coinbase/candles
[ccxt-service] GET /api/coinbase/candles
[ccxt-service] GET /api/coinbase/candles
[ccxt-service] GET /api/coinbase/candles
[ccxt-service] GET /api/coinbase/candles
[ccxt-service] GET /api/coinbase/candles
[ccxt-service] GET /api/coinbase/trades
[ccxt-service] GET /api/coinbase/candles
[ccxt-service] GET /api/coinbase/candles
[ccxt-service] GET /api/coinbase/orderbook
[ccxt-service] GET /api/coinbase/candles
[ccxt-service] GET /api/coinbase/candles
[ccxt-service] GET /api/coinbase/candles
[ccxt-service] GET /api/coinbase/candles
[ccxt-service] GET /api/coinbase/candles
[ccxt-service] GET /api/coinbase/orderbook
[ccxt-service] GET /api/coinbase/candles
[ccxt-service] GET /api/coinbase/trades
[ccxt-service] GET /api/coinbase/orderbook
[ccxt-service] GET /api/coinbase/asset-info
[ccxt-service] GET /api/coinbase/orderbook
[ccxt-service] GET /api/coinbase/trades
[ccxt-service] GET /api/coinbase/orderbook
[ccxt-service] GET /api/coinbase/candles
[ccxt-service] GET /api/coinbase/asset-info
[ccxt-service] GET /api/coinbase/candles
[ccxt-service] GET /api/coinbase/candles
[ccxt-service] GET /api/coinbase/candles
[ccxt-service] GET /api/coinbase/candles
[ccxt-service] GET /api/coinbase/candles
[ccxt-service] GET /api/coinbase/orderbook
[ccxt-service] GET /api/coinbase/candles
[ccxt-service] GET /api/coinbase/candles
[ccxt-service] GET /api/coinbase/candles
[ccxt-service] GET /api/coinbase/candles
[ccxt-service] GET /api/coinbase/candles
[ccxt-service] GET /api/coinbase/trades
[ccxt-service] GET /api/coinbase/candles
[ccxt-service] GET /api/coinbase/candles
[ccxt-service] GET /api/coinbase/candles
[ccxt-service] GET /api/coinbase/candles
[ccxt-service] GET /api/coinbase/orderbook
[ccxt-service] GET /api/coinbase/candles
[ccxt-service] GET /api/coinbase/candles
[ccxt-service] GET /api/coinbase/candles
[ccxt-service] GET /api/coinbase/candles
[ccxt-service] GET /api/coinbase/candles
[ccxt-service] GET /api/coinbase/candles
[ccxt-service] GET /api/coinbase/orderbook
[ccxt-service] GET /api/coinbase/trades
[ccxt-service] GET /api/coinbase/candles
[ccxt-service] GET /api/coinbase/orderbook
[ccxt-service] GET /api/coinbase/trades
[ccxt-service] GET /api/coinbase/asset-info
[ccxt-service] GET /api/coinbase/orderbook
[ccxt-service] GET /api/coinbase/candles
[ccxt-service] GET /api/coinbase/trades
[ccxt-service] GET /api/coinbase/orderbook
[ccxt-service] GET /api/coinbase/markets
[ccxt-service] GET /api/coinbase/asset-info
[ccxt-service] GET /api/coinbase/markets
[ccxt-service] GET /api/coinbase/trades
[ccxt-service] GET /api/coinbase/orderbook
[ccxt-service] GET /api/coinbase/asset-info
[ccxt-service] GET /api/coinbase/orderbook
[ccxt-service] GET /api/coinbase/trades
[ccxt-service] GET /api/coinbase/orderbook
[ccxt-service] GET /api/coinbase/asset-info
[ccxt-service] GET /api/coinbase/candles
[ccxt-service] GET /api/coinbase/asset-info
[ccxt-service] GET /api/coinbase/asset-info
[ccxt-service] GET /api/coinbase/candles
[ccxt-service] GET /api/coinbase/orderbook
[ccxt-service] GET /api/coinbase/candles
[ccxt-service] GET /api/coinbase/candles
[ccxt-service] GET /api/coinbase/candles
[ccxt-service] GET /api/coinbase/trades
[ccxt-service] GET /api/coinbase/candles
[ccxt-service] GET /api/coinbase/candles
[ccxt-service] GET /api/coinbase/candles
[ccxt-service] GET /api/coinbase/candles
[ccxt-service] GET /api/coinbase/orderbook
[ccxt-service] GET /api/coinbase/candles
[ccxt-service] GET /api/coinbase/candles
[ccxt-service] GET /api/coinbase/candles
[ccxt-service] GET /api/coinbase/candles
[ccxt-service] GET /api/coinbase/candles
[ccxt-service] GET /api/coinbase/candles
[ccxt-service] GET /api/coinbase/candles
[ccxt-service] GET /api/coinbase/candles
[ccxt-service] GET /api/coinbase/trades
[ccxt-service] GET /api/coinbase/orderbook
[ccxt-service] GET /api/coinbase/candles
[ccxt-service] GET /api/coinbase/candles
[ccxt-service] GET /api/coinbase/candles
[ccxt-service] GET /api/coinbase/candles
[ccxt-service] GET /api/coinbase/candles
[ccxt-service] GET /api/coinbase/orderbook
[ccxt-service] GET /api/coinbase/trades
[ccxt-service] GET /api/coinbase/asset-info
[ccxt-service] GET /api/coinbase/orderbook
[ccxt-service] GET /api/coinbase/trades
[ccxt-service] GET /api/coinbase/orderbook
[ccxt-service] GET /api/coinbase/candles
[ccxt-service] GET /api/coinbase/orderbook
[ccxt-service] GET /api/coinbase/trades
[ccxt-service] GET /api/coinbase/orderbook
[ccxt-service] GET /api/coinbase/candles
[ccxt-service] GET /api/coinbase/trades
[ccxt-service] GET /api/coinbase/orderbook
[ccxt-service] GET /api/gate/asset-info
[ccxt-service] GET /api/gate/trades
[ccxt-service] GET /api/gate/orderbook
[ccxt-service] GET /api/gate/markets
[ccxt-service] GET /api/gate/asset-info
[ccxt-service] GET /api/gate/orderbook
[ccxt-service] GET /api/gate/trades
[ccxt-service] GET /api/gate/orderbook
[ccxt-service] GET /api/gate/candles
Gate.io: Requested 'since' (2025-12-21T12:22:44.000Z) is too far back (max 10000 points). Omitting 'since' parameter to fetch recent candles.
[ccxt-service] GET /api/gate/candles
[ccxt-service] GET /api/gate/candles
Gate.io: Requested 'since' (2025-12-18T08:22:44.000Z) is too far back (max 10000 points). Omitting 'since' parameter to fetch recent candles.
[ccxt-service] GET /api/gate/orderbook
[ccxt-service] GET /api/gate/trades
[ccxt-service] GET /api/gate/asset-info
[ccxt-service] GET /api/gate/orderbook
[ccxt-service] GET /api/gate/asset-info
[ccxt-service] GET /api/gate/orderbook
[ccxt-service] GET /api/gate/trades
[ccxt-service] GET /api/gate/candles
[ccxt-service] GET /api/coinbase/asset-info
[ccxt-service] GET /api/coinbase/trades
[ccxt-service] GET /api/coinbase/orderbook
[ccxt-service] GET /api/coinbase/markets
[ccxt-service] GET /api/coinbase/asset-info
[ccxt-service] GET /api/coinbase/orderbook
[ccxt-service] GET /api/coinbase/trades
[ccxt-service] GET /api/coinbase/orderbook
[ccxt-service] GET /api/coinbase/orderbook
[ccxt-service] GET /api/coinbase/candles
[ccxt-service] GET /api/coinbase/asset-info
[ccxt-service] GET /api/coinbase/candles
[ccxt-service] GET /api/coinbase/asset-info
[ccxt-service] GET /api/coinbase/orderbook
[ccxt-service] GET /api/coinbase/candles
[ccxt-service] GET /api/coinbase/candles
[ccxt-service] GET /api/coinbase/candles
[ccxt-service] GET /api/coinbase/trades
[ccxt-service] GET /api/coinbase/candles
[ccxt-service] GET /api/coinbase/candles
[ccxt-service] GET /api/coinbase/candles
[ccxt-service] GET /api/coinbase/candles
[ccxt-service] GET /api/coinbase/orderbook
[ccxt-service] GET /api/coinbase/candles
[ccxt-service] GET /api/coinbase/candles
[ccxt-service] GET /api/coinbase/candles
[ccxt-service] GET /api/coinbase/candles
[ccxt-service] GET /api/coinbase/candles
[ccxt-service] GET /api/coinbase/candles
[ccxt-service] GET /api/coinbase/trades
[ccxt-service] GET /api/coinbase/orderbook
[ccxt-service] GET /api/coinbase/candles
[ccxt-service] GET /api/coinbase/candles
[ccxt-service] GET /api/coinbase/candles
[ccxt-service] GET /api/coinbase/candles
[ccxt-service] GET /api/coinbase/candles
[ccxt-service] GET /api/coinbase/candles
[ccxt-service] GET /api/coinbase/candles
[ccxt-service] GET /api/coinbase/orderbook
[ccxt-service] GET /api/coinbase/trades
[ccxt-service] GET /api/coinbase/asset-info
[ccxt-service] GET /api/coinbase/orderbook
[ccxt-service] GET /api/coinbase/trades
[ccxt-service] GET /api/coinbase/candles
[ccxt-service] GET /api/coinbase/orderbook
[ccxt-service] GET /api/coinbase/orderbook
[ccxt-service] GET /api/coinbase/trades
[ccxt-service] GET /api/coinbase/orderbook
[ccxt-service] GET /api/coinbase/candles
[ccxt-service] GET /api/coinbase/orderbook
[ccxt-service] GET /api/coinbase/trades
[ccxt-service] GET /api/coinbase/asset-info
[ccxt-service] GET /api/coinbase/orderbook
[ccxt-service] GET /api/coinbase/trades
[ccxt-service] GET /api/coinbase/orderbook
[ccxt-service] GET /api/coinbase/candles
[ccxt-service] GET /api/coinbase/orderbook
[ccxt-service] GET /api/coinbase/trades
[ccxt-service] GET /api/coinbase/orderbook
[ccxt-service] GET /api/coinbase/candles
[ccxt-service] GET /api/coinbase/trades
[ccxt-service] GET /api/coinbase/orderbook
[ccxt-service] GET /api/coinbase/trades
[ccxt-service] GET /api/coinbase/asset-info
[ccxt-service] GET /api/coinbase/orderbook
[ccxt-service] GET /api/coinbase/orderbook
[ccxt-service] GET /api/coinbase/candles
[ccxt-service] GET /api/coinbase/trades
[ccxt-service] GET /api/coinbase/orderbook
[ccxt-service] GET /api/coinbase/trades
[ccxt-service] GET /api/coinbase/orderbook
[ccxt-service] GET /api/coinbase/candles
[ccxt-service] GET /api/coinbase/orderbook
[ccxt-service] GET /api/coinbase/trades
[ccxt-service] GET /api/coinbase/asset-info
[ccxt-service] GET /api/coinbase/orderbook
[ccxt-service] GET /api/coinbase/trades
[ccxt-service] GET /api/coinbase/orderbook
[ccxt-service] GET /api/coinbase/candles
[ccxt-service] GET /api/coinbase/orderbook
[ccxt-service] GET /api/coinbase/trades
[ccxt-service] GET /api/coinbase/orderbook
[ccxt-service] GET /api/coinbase/candles
[ccxt-service] GET /api/coinbase/orderbook
[ccxt-service] GET /api/coinbase/trades
[ccxt-service] GET /api/coinbase/asset-info
[ccxt-service] GET /api/coinbase/orderbook
[ccxt-service] GET /api/coinbase/trades
[ccxt-service] GET /api/coinbase/orderbook
[ccxt-service] GET /api/coinbase/candles
[ccxt-service] GET /api/coinbase/trades
[ccxt-service] GET /api/coinbase/orderbook
[ccxt-service] GET /api/coinbase/orderbook
[ccxt-service] GET /api/coinbase/trades
[ccxt-service] GET /api/coinbase/candles
[ccxt-service] GET /api/coinbase/orderbook
[ccxt-service] GET /api/coinbase/trades
[ccxt-service] GET /api/coinbase/asset-info
[ccxt-service] GET /api/coinbase/orderbook
[ccxt-service] GET /api/coinbase/orderbook
[ccxt-service] GET /api/coinbase/candles
[ccxt-service] GET /api/coinbase/trades
[ccxt-service] GET /api/coinbase/orderbook
[ccxt-service] GET /api/coinbase/orderbook
[ccxt-service] GET /api/coinbase/trades
[ccxt-service] GET /api/coinbase/candles
[ccxt-service] GET /api/coinbase/orderbook
[ccxt-service] GET /api/coinbase/trades
[ccxt-service] GET /api/coinbase/orderbook
[ccxt-service] GET /api/coinbase/asset-info
[ccxt-service] GET /api/coinbase/trades
[ccxt-service] GET /api/coinbase/orderbook
[ccxt-service] GET /api/coinbase/candles
[ccxt-service] GET /api/coinbase/orderbook
[ccxt-service] GET /api/coinbase/trades
[ccxt-service] GET /api/coinbase/orderbook
[ccxt-service] GET /api/coinbase/candles
[ccxt-service] GET /api/coinbase/trades
[ccxt-service] GET /api/coinbase/orderbook
[ccxt-service] GET /api/coinbase/asset-info
[ccxt-service] GET /api/coinbase/orderbook
[ccxt-service] GET /api/coinbase/trades
[ccxt-service] GET /api/coinbase/candles
[ccxt-service] GET /api/coinbase/orderbook
[ccxt-service] GET /api/coinbase/trades
[ccxt-service] GET /api/coinbase/orderbook
[ccxt-service] GET /api/coinbase/orderbook
[ccxt-service] GET /api/coinbase/candles
[ccxt-service] GET /api/coinbase/trades
[ccxt-service] GET /api/coinbase/orderbook
[ccxt-service] GET /api/coinbase/orderbook
[ccxt-service] GET /api/coinbase/asset-info
[ccxt-service] GET /api/coinbase/trades
[ccxt-service] GET /api/coinbase/candles
[ccxt-service] GET /api/coinbase/orderbook
[ccxt-service] GET /api/coinbase/trades
[ccxt-service] GET /api/coinbase/orderbook
[ccxt-service] GET /api/coinbase/trades
[ccxt-service] GET /api/coinbase/orderbook
[ccxt-service] GET /api/coinbase/candles
[ccxt-service] GET /api/coinbase/orderbook
[ccxt-service] GET /api/coinbase/trades
[ccxt-service] GET /api/coinbase/asset-info
[ccxt-service] GET /api/coinbase/orderbook
[ccxt-service] GET /api/coinbase/candles
[ccxt-service] GET /api/coinbase/orderbook
[ccxt-service] GET /api/coinbase/trades
[ccxt-service] GET /api/coinbase/orderbook
[ccxt-service] GET /api/coinbase/trades
[ccxt-service] GET /api/coinbase/orderbook
[ccxt-service] GET /api/coinbase/candles
[ccxt-service] GET /api/coinbase/trades
[ccxt-service] GET /api/coinbase/orderbook
[ccxt-service] GET /api/coinbase/orderbook
[ccxt-service] GET /api/coinbase/asset-info
[ccxt-service] GET /api/coinbase/trades
[ccxt-service] GET /api/coinbase/orderbook
[ccxt-service] GET /api/coinbase/candles
[ccxt-service] GET /api/coinbase/orderbook
[ccxt-service] GET /api/coinbase/trades
[ccxt-service] GET /api/coinbase/orderbook
[ccxt-service] GET /api/coinbase/trades
[ccxt-service] GET /api/coinbase/candles
[ccxt-service] GET /api/coinbase/orderbook
[ccxt-service] GET /api/coinbase/orderbook
[ccxt-service] GET /api/coinbase/trades
[ccxt-service] GET /api/coinbase/asset-info
[ccxt-service] GET /api/coinbase/candles
[ccxt-service] GET /api/coinbase/orderbook
[ccxt-service] GET /api/coinbase/trades
[ccxt-service] GET /api/coinbase/orderbook
[ccxt-service] GET /api/coinbase/orderbook
[ccxt-service] GET /api/coinbase/trades
[ccxt-service] GET /api/coinbase/candles
[ccxt-service] GET /api/coinbase/orderbook
[ccxt-service] GET /api/coinbase/trades
[ccxt-service] GET /api/coinbase/asset-info
[ccxt-service] GET /api/coinbase/orderbook
[ccxt-service] GET /api/coinbase/trades
[ccxt-service] GET /api/coinbase/orderbook
[ccxt-service] GET /api/coinbase/candles
[ccxt-service] GET /api/coinbase/orderbook
[ccxt-service] GET /api/coinbase/trades
[ccxt-service] GET /api/coinbase/orderbook
[ccxt-service] GET /api/coinbase/candles
[ccxt-service] GET /api/coinbase/trades
[ccxt-service] GET /api/coinbase/orderbook
[ccxt-service] GET /api/coinbase/orderbook
[ccxt-service] GET /api/coinbase/asset-info
[ccxt-service] GET /api/coinbase/trades
[ccxt-service] GET /api/coinbase/candles
[ccxt-service] GET /api/coinbase/orderbook
[ccxt-service] GET /api/coinbase/orderbook
[ccxt-service] GET /api/coinbase/trades
[ccxt-service] GET /api/coinbase/orderbook
[ccxt-service] GET /api/coinbase/trades
[ccxt-service] GET /api/coinbase/candles
[ccxt-service] GET /api/coinbase/orderbook
[ccxt-service] GET /api/coinbase/trades
[ccxt-service] GET /api/coinbase/orderbook
[ccxt-service] GET /api/coinbase/asset-info
[ccxt-service] GET /api/coinbase/orderbook
[ccxt-service] GET /api/coinbase/candles
[ccxt-service] GET /api/coinbase/trades
[ccxt-service] GET /api/coinbase/orderbook
[ccxt-service] GET /api/coinbase/trades
[ccxt-service] GET /api/coinbase/orderbook
[ccxt-service] GET /api/coinbase/candles
[ccxt-service] GET /api/coinbase/orderbook
[ccxt-service] GET /api/coinbase/trades
[ccxt-service] GET /api/coinbase/asset-info
[ccxt-service] GET /api/coinbase/orderbook
[ccxt-service] GET /api/coinbase/trades
[ccxt-service] GET /api/coinbase/orderbook
[ccxt-service] GET /api/coinbase/candles
[ccxt-service] GET /api/coinbase/orderbook
[ccxt-service] GET /api/coinbase/trades
[ccxt-service] GET /api/coinbase/orderbook
[ccxt-service] GET /api/coinbase/candles
[ccxt-service] GET /api/coinbase/trades
[ccxt-service] GET /api/coinbase/orderbook
[ccxt-service] GET /api/coinbase/asset-info
[ccxt-service] GET /api/coinbase/orderbook
[ccxt-service] GET /api/coinbase/trades
[ccxt-service] GET /api/coinbase/candles
[ccxt-service] GET /api/coinbase/orderbook
[ccxt-service] GET /api/coinbase/trades
[ccxt-service] GET /api/coinbase/orderbook
[ccxt-service] GET /api/coinbase/orderbook
[ccxt-service] GET /api/coinbase/candles
[ccxt-service] GET /api/coinbase/trades
[ccxt-service] GET /api/coinbase/orderbook
[ccxt-service] GET /api/coinbase/orderbook
[ccxt-service] GET /api/coinbase/asset-info
[ccxt-service] GET /api/coinbase/trades
[ccxt-service] GET /api/coinbase/candles
[ccxt-service] GET /api/coinbase/orderbook
[ccxt-service] GET /api/coinbase/trades
[ccxt-service] GET /api/coinbase/orderbook
[ccxt-service] GET /api/coinbase/orderbook
[ccxt-service] GET /api/coinbase/trades
[ccxt-service] GET /api/coinbase/candles
[ccxt-service] GET /api/coinbase/orderbook
[ccxt-service] GET /api/coinbase/trades
[ccxt-service] GET /api/coinbase/asset-info
[ccxt-service] GET /api/coinbase/orderbook
[ccxt-service] GET /api/coinbase/trades
[ccxt-service] GET /api/coinbase/orderbook
[ccxt-service] GET /api/coinbase/candles
[ccxt-service] GET /api/coinbase/orderbook
[ccxt-service] GET /api/coinbase/trades
[ccxt-service] GET /api/coinbase/orderbook
[ccxt-service] GET /api/coinbase/candles
[ccxt-service] GET /api/coinbase/trades
[ccxt-service] GET /api/coinbase/orderbook
[ccxt-service] GET /api/coinbase/asset-info
[ccxt-service] GET /api/coinbase/orderbook
[ccxt-service] GET /api/coinbase/trades
[ccxt-service] GET /api/coinbase/candles
[ccxt-service] GET /api/coinbase/orderbook
[ccxt-service] GET /api/coinbase/orderbook
[ccxt-service] GET /api/coinbase/candles
[ccxt-service] GET /api/coinbase/asset-info
[ccxt-service] GET /api/coinbase/trades
[ccxt-service] GET /api/coinbase/trades
[ccxt-service] GET /api/coinbase/orderbook
[ccxt-service] GET /api/coinbase/asset-info
[ccxt-service] GET /api/coinbase/candles
